2021/12/06 17:43:35 - Kitchen - Logging is at level : Debugging
2021/12/06 17:43:35 - Kitchen - Start of run.
2021/12/06 17:43:35 - Kitchen - Allocate new job.
2021/12/06 17:43:35 - Kitchen - Parsing command line options.
ERROR 06-12 17:43:38,018 - Unable to register native library path ""
2021/12/06 17:43:38 - CAMP_AUTOMATICAS_MAIN - Start of job execution
2021/12/06 17:43:38 - CAMP_AUTOMATICAS_MAIN - exec(0, 0, START.0)
2021/12/06 17:43:38 - START - Starting job entry
2021/12/06 17:43:38 - CAMP_AUTOMATICAS_MAIN - Starting entry [Simple evaluation P_PAIS]
2021/12/06 17:43:38 - CAMP_AUTOMATICAS_MAIN - exec(1, 0, Simple evaluation P_PAIS.0)
2021/12/06 17:43:38 - Simple evaluation P_PAIS - Starting job entry
2021/12/06 17:43:38 - Simple evaluation P_PAIS - Checking variable [${P_PAIS}] ...
2021/12/06 17:43:38 - Simple evaluation P_PAIS - Value to evaluate is SV
2021/12/06 17:43:38 - Simple evaluation P_PAIS - Comparing incoming value [SV] with value [SV,GT,NI,CR]...
2021/12/06 17:43:38 - CAMP_AUTOMATICAS_MAIN - Starting entry [TR_INIT_VARIABLES]
2021/12/06 17:43:38 - CAMP_AUTOMATICAS_MAIN - exec(2, 0, TR_INIT_VARIABLES.0)
2021/12/06 17:43:38 - TR_INIT_VARIABLES - Starting job entry
2021/12/06 17:43:38 - TR_INIT_VARIABLES - Opening transformation: [file:///filemanager/BIN/CREDITS/CAMP_AUTOMATICAS/INIT_VARIABLES.ktr]
2021/12/06 17:43:38 - TR_INIT_VARIABLES - Loading transformation from XML file [file:///filemanager/BIN/CREDITS/CAMP_AUTOMATICAS/INIT_VARIABLES.ktr]
2021/12/06 17:43:38 - TR_INIT_VARIABLES - Starting transformation...(file=${Internal.Job.Filename.Directory}/INIT_VARIABLES.ktr, name=TR_INIT_VARIABLES, repinfo=null)
2021/12/06 17:43:38 - INIT_VARIABLES - Transformation is pre-loaded.
2021/12/06 17:43:38 - INIT_VARIABLES - nr of steps to run : 15  , nr of hops : 13
2021/12/06 17:43:38 - INIT_VARIABLES - Dispatching started for transformation [INIT_VARIABLES]
2021/12/06 17:43:38 - INIT_VARIABLES - Nr of arguments detected:0 
2021/12/06 17:43:38 - INIT_VARIABLES - This is not a replay transformation
2021/12/06 17:43:38 - INIT_VARIABLES - I found 15 different steps to launch.
2021/12/06 17:43:38 - INIT_VARIABLES - Allocating rowsets...
2021/12/06 17:43:38 - INIT_VARIABLES -  Allocating rowsets for step 0 --> Get P_PAIS
2021/12/06 17:43:38 - INIT_VARIABLES -   prevcopies = 1, nextcopies=1
2021/12/06 17:43:38 - INIT_VARIABLES - Transformation allocated new rowset [Get P_PAIS.0 - Define V_SUNNEL_JDBC_URL.0]
2021/12/06 17:43:38 - INIT_VARIABLES -   prevcopies = 1, nextcopies=1
2021/12/06 17:43:38 - INIT_VARIABLES - Transformation allocated new rowset [Get P_PAIS.0 - Define V_SUNNEL_USER.0]
2021/12/06 17:43:38 - INIT_VARIABLES -   prevcopies = 1, nextcopies=1
2021/12/06 17:43:38 - INIT_VARIABLES - Transformation allocated new rowset [Get P_PAIS.0 - Define V_SUNNEL_PASS.0]
2021/12/06 17:43:38 - INIT_VARIABLES -   prevcopies = 1, nextcopies=1
2021/12/06 17:43:38 - INIT_VARIABLES - Transformation allocated new rowset [Get P_PAIS.0 - Define V_SUNNEL_SCHEMA.0]
2021/12/06 17:43:38 - INIT_VARIABLES -   prevcopies = 1, nextcopies=1
2021/12/06 17:43:38 - INIT_VARIABLES - Transformation allocated new rowset [Get P_PAIS.0 - Define Codigo Pais CREDINTER.0]
2021/12/06 17:43:38 - INIT_VARIABLES -   prevcopies = 1, nextcopies=1
2021/12/06 17:43:38 - INIT_VARIABLES - Transformation allocated new rowset [Get P_PAIS.0 - Define Simbolo Moneda.0]
2021/12/06 17:43:38 - INIT_VARIABLES -  Allocated 6 rowsets for step 0 --> Get P_PAIS  
2021/12/06 17:43:38 - INIT_VARIABLES -  Allocating rowsets for step 1 --> Define V_SUNNEL_JDBC_URL
2021/12/06 17:43:38 - INIT_VARIABLES -   prevcopies = 1, nextcopies=1
2021/12/06 17:43:38 - INIT_VARIABLES - Transformation allocated new rowset [Define V_SUNNEL_JDBC_URL.0 - Set V_SUNNEL_URL.0]
2021/12/06 17:43:38 - INIT_VARIABLES -  Allocated 7 rowsets for step 1 --> Define V_SUNNEL_JDBC_URL  
2021/12/06 17:43:38 - INIT_VARIABLES -  Allocating rowsets for step 2 --> Set V_SUNNEL_URL
2021/12/06 17:43:38 - INIT_VARIABLES -  Allocated 7 rowsets for step 2 --> Set V_SUNNEL_URL  
2021/12/06 17:43:38 - INIT_VARIABLES -  Allocating rowsets for step 3 --> Define V_SUNNEL_USER
2021/12/06 17:43:38 - INIT_VARIABLES -   prevcopies = 1, nextcopies=1
2021/12/06 17:43:38 - INIT_VARIABLES - Transformation allocated new rowset [Define V_SUNNEL_USER.0 - Set V_SUNNEL_USER.0]
2021/12/06 17:43:38 - INIT_VARIABLES -  Allocated 8 rowsets for step 3 --> Define V_SUNNEL_USER  
2021/12/06 17:43:38 - INIT_VARIABLES -  Allocating rowsets for step 4 --> Set V_SUNNEL_USER
2021/12/06 17:43:38 - INIT_VARIABLES -  Allocated 8 rowsets for step 4 --> Set V_SUNNEL_USER  
2021/12/06 17:43:38 - INIT_VARIABLES -  Allocating rowsets for step 5 --> Define V_SUNNEL_PASS
2021/12/06 17:43:38 - INIT_VARIABLES -   prevcopies = 1, nextcopies=1
2021/12/06 17:43:38 - INIT_VARIABLES - Transformation allocated new rowset [Define V_SUNNEL_PASS.0 - Set V_SUNNEL_PASS.0]
2021/12/06 17:43:38 - INIT_VARIABLES -  Allocated 9 rowsets for step 5 --> Define V_SUNNEL_PASS  
2021/12/06 17:43:38 - INIT_VARIABLES -  Allocating rowsets for step 6 --> Set V_SUNNEL_PASS
2021/12/06 17:43:38 - INIT_VARIABLES -  Allocated 9 rowsets for step 6 --> Set V_SUNNEL_PASS  
2021/12/06 17:43:38 - INIT_VARIABLES -  Allocating rowsets for step 7 --> Generate Global Parameter Rows
2021/12/06 17:43:38 - INIT_VARIABLES -   prevcopies = 1, nextcopies=1
2021/12/06 17:43:38 - INIT_VARIABLES - Transformation allocated new rowset [Generate Global Parameter Rows.0 - Set Global Parameters.0]
2021/12/06 17:43:38 - INIT_VARIABLES -  Allocated 10 rowsets for step 7 --> Generate Global Parameter Rows  
2021/12/06 17:43:38 - INIT_VARIABLES -  Allocating rowsets for step 8 --> Set Global Parameters
2021/12/06 17:43:38 - INIT_VARIABLES -  Allocated 10 rowsets for step 8 --> Set Global Parameters  
2021/12/06 17:43:38 - INIT_VARIABLES -  Allocating rowsets for step 9 --> Define V_SUNNEL_SCHEMA
2021/12/06 17:43:38 - INIT_VARIABLES -   prevcopies = 1, nextcopies=1
2021/12/06 17:43:38 - INIT_VARIABLES - Transformation allocated new rowset [Define V_SUNNEL_SCHEMA.0 - Set V_SUNNEL_SCHEMA.0]
2021/12/06 17:43:38 - INIT_VARIABLES -  Allocated 11 rowsets for step 9 --> Define V_SUNNEL_SCHEMA  
2021/12/06 17:43:38 - INIT_VARIABLES -  Allocating rowsets for step 10 --> Set V_SUNNEL_SCHEMA
2021/12/06 17:43:38 - INIT_VARIABLES -  Allocated 11 rowsets for step 10 --> Set V_SUNNEL_SCHEMA  
2021/12/06 17:43:38 - INIT_VARIABLES -  Allocating rowsets for step 11 --> Define Codigo Pais CREDINTER
2021/12/06 17:43:38 - INIT_VARIABLES -   prevcopies = 1, nextcopies=1
2021/12/06 17:43:38 - INIT_VARIABLES - Transformation allocated new rowset [Define Codigo Pais CREDINTER.0 - Set V_PAIS_CREDINTER.0]
2021/12/06 17:43:38 - INIT_VARIABLES -  Allocated 12 rowsets for step 11 --> Define Codigo Pais CREDINTER  
2021/12/06 17:43:38 - INIT_VARIABLES -  Allocating rowsets for step 12 --> Set V_PAIS_CREDINTER
2021/12/06 17:43:38 - INIT_VARIABLES -  Allocated 12 rowsets for step 12 --> Set V_PAIS_CREDINTER  
2021/12/06 17:43:38 - INIT_VARIABLES -  Allocating rowsets for step 13 --> Define Simbolo Moneda
2021/12/06 17:43:38 - INIT_VARIABLES -   prevcopies = 1, nextcopies=1
2021/12/06 17:43:38 - INIT_VARIABLES - Transformation allocated new rowset [Define Simbolo Moneda.0 - Set V_MONEDA.0]
2021/12/06 17:43:38 - INIT_VARIABLES -  Allocated 13 rowsets for step 13 --> Define Simbolo Moneda  
2021/12/06 17:43:38 - INIT_VARIABLES -  Allocating rowsets for step 14 --> Set V_MONEDA
2021/12/06 17:43:38 - INIT_VARIABLES -  Allocated 13 rowsets for step 14 --> Set V_MONEDA  
2021/12/06 17:43:38 - INIT_VARIABLES - Allocating Steps & StepData...
2021/12/06 17:43:38 - INIT_VARIABLES -  Transformation is about to allocate step [Get P_PAIS] of type [GetVariable]
2021/12/06 17:43:38 - INIT_VARIABLES -   Step has nrcopies=1
2021/12/06 17:43:38 - Get P_PAIS.0 - distribution de-activated
2021/12/06 17:43:38 - Get P_PAIS.0 - Starting allocation of buffers & new threads...
2021/12/06 17:43:38 - Get P_PAIS.0 - Step info: nrinput=0 nroutput=6
2021/12/06 17:43:38 - Get P_PAIS.0 - output rel. is  1:1
2021/12/06 17:43:38 - Get P_PAIS.0 - Found output rowset [Get P_PAIS.0 - Define V_SUNNEL_JDBC_URL.0]
2021/12/06 17:43:38 - Get P_PAIS.0 - output rel. is  1:1
2021/12/06 17:43:38 - Get P_PAIS.0 - Found output rowset [Get P_PAIS.0 - Define V_SUNNEL_USER.0]
2021/12/06 17:43:35 - Kitchen - Logging is at level : Debugging
2021/12/06 17:43:35 - Kitchen - Start of run.
2021/12/06 17:43:35 - Kitchen - Allocate new job.
2021/12/06 17:43:35 - Kitchen - Parsing command line options.
2021/12/06 17:43:38 - CAMP_AUTOMATICAS_MAIN - Start of job execution
2021/12/06 17:43:38 - CAMP_AUTOMATICAS_MAIN - exec(0, 0, START.0)
2021/12/06 17:43:38 - START - Starting job entry
2021/12/06 17:43:38 - CAMP_AUTOMATICAS_MAIN - Starting entry [Simple evaluation P_PAIS]
2021/12/06 17:43:38 - CAMP_AUTOMATICAS_MAIN - exec(1, 0, Simple evaluation P_PAIS.0)
2021/12/06 17:43:38 - Simple evaluation P_PAIS - Starting job entry
2021/12/06 17:43:38 - Simple evaluation P_PAIS - Checking variable [${P_PAIS}] ...
2021/12/06 17:43:38 - Simple evaluation P_PAIS - Value to evaluate is SV
2021/12/06 17:43:38 - Simple evaluation P_PAIS - Comparing incoming value [SV] with value [SV,GT,NI,CR]...
2021/12/06 17:43:38 - CAMP_AUTOMATICAS_MAIN - Starting entry [TR_INIT_VARIABLES]
2021/12/06 17:43:38 - CAMP_AUTOMATICAS_MAIN - exec(2, 0, TR_INIT_VARIABLES.0)
2021/12/06 17:43:38 - TR_INIT_VARIABLES - Starting job entry
2021/12/06 17:43:38 - TR_INIT_VARIABLES - Opening transformation: [file:///filemanager/BIN/CREDITS/CAMP_AUTOMATICAS/INIT_VARIABLES.ktr]
2021/12/06 17:43:38 - TR_INIT_VARIABLES - Loading transformation from XML file [file:///filemanager/BIN/CREDITS/CAMP_AUTOMATICAS/INIT_VARIABLES.ktr]
2021/12/06 17:43:38 - TR_INIT_VARIABLES - Starting transformation...(file=${Internal.Job.Filename.Directory}/INIT_VARIABLES.ktr, name=TR_INIT_VARIABLES, repinfo=null)
2021/12/06 17:43:38 - INIT_VARIABLES - Transformation is pre-loaded.
2021/12/06 17:43:38 - INIT_VARIABLES - nr of steps to run : 15  , nr of hops : 13
2021/12/06 17:43:38 - INIT_VARIABLES - Dispatching started for transformation [INIT_VARIABLES]
2021/12/06 17:43:38 - INIT_VARIABLES - Nr of arguments detected:0 
2021/12/06 17:43:38 - INIT_VARIABLES - This is not a replay transformation
2021/12/06 17:43:38 - INIT_VARIABLES - I found 15 different steps to launch.
2021/12/06 17:43:38 - INIT_VARIABLES - Allocating rowsets...
2021/12/06 17:43:38 - INIT_VARIABLES -  Allocating rowsets for step 0 --> Get P_PAIS
2021/12/06 17:43:38 - INIT_VARIABLES -   prevcopies = 1, nextcopies=1
2021/12/06 17:43:38 - INIT_VARIABLES - Transformation allocated new rowset [Get P_PAIS.0 - Define V_SUNNEL_JDBC_URL.0]
2021/12/06 17:43:38 - INIT_VARIABLES -   prevcopies = 1, nextcopies=1
2021/12/06 17:43:38 - INIT_VARIABLES - Transformation allocated new rowset [Get P_PAIS.0 - Define V_SUNNEL_USER.0]
2021/12/06 17:43:38 - INIT_VARIABLES -   prevcopies = 1, nextcopies=1
2021/12/06 17:43:38 - INIT_VARIABLES - Transformation allocated new rowset [Get P_PAIS.0 - Define V_SUNNEL_PASS.0]
2021/12/06 17:43:38 - INIT_VARIABLES -   prevcopies = 1, nextcopies=1
2021/12/06 17:43:38 - INIT_VARIABLES - Transformation allocated new rowset [Get P_PAIS.0 - Define V_SUNNEL_SCHEMA.0]
2021/12/06 17:43:38 - INIT_VARIABLES -   prevcopies = 1, nextcopies=1
2021/12/06 17:43:38 - INIT_VARIABLES - Transformation allocated new rowset [Get P_PAIS.0 - Define Codigo Pais CREDINTER.0]
2021/12/06 17:43:38 - INIT_VARIABLES -   prevcopies = 1, nextcopies=1
2021/12/06 17:43:38 - INIT_VARIABLES - Transformation allocated new rowset [Get P_PAIS.0 - Define Simbolo Moneda.0]
2021/12/06 17:43:38 - INIT_VARIABLES -  Allocated 6 rowsets for step 0 --> Get P_PAIS  
2021/12/06 17:43:38 - INIT_VARIABLES -  Allocating rowsets for step 1 --> Define V_SUNNEL_JDBC_URL
2021/12/06 17:43:38 - INIT_VARIABLES -   prevcopies = 1, nextcopies=1
2021/12/06 17:43:38 - INIT_VARIABLES - Transformation allocated new rowset [Define V_SUNNEL_JDBC_URL.0 - Set V_SUNNEL_URL.0]
2021/12/06 17:43:38 - INIT_VARIABLES -  Allocated 7 rowsets for step 1 --> Define V_SUNNEL_JDBC_URL  
2021/12/06 17:43:38 - INIT_VARIABLES -  Allocating rowsets for step 2 --> Set V_SUNNEL_URL
2021/12/06 17:43:38 - INIT_VARIABLES -  Allocated 7 rowsets for step 2 --> Set V_SUNNEL_URL  
2021/12/06 17:43:38 - INIT_VARIABLES -  Allocating rowsets for step 3 --> Define V_SUNNEL_USER
2021/12/06 17:43:38 - INIT_VARIABLES -   prevcopies = 1, nextcopies=1
2021/12/06 17:43:38 - INIT_VARIABLES - Transformation allocated new rowset [Define V_SUNNEL_USER.0 - Set V_SUNNEL_USER.0]
2021/12/06 17:43:38 - INIT_VARIABLES -  Allocated 8 rowsets for step 3 --> Define V_SUNNEL_USER  
2021/12/06 17:43:38 - INIT_VARIABLES -  Allocating rowsets for step 4 --> Set V_SUNNEL_USER
2021/12/06 17:43:38 - INIT_VARIABLES -  Allocated 8 rowsets for step 4 --> Set V_SUNNEL_USER  
2021/12/06 17:43:38 - INIT_VARIABLES -  Allocating rowsets for step 5 --> Define V_SUNNEL_PASS
2021/12/06 17:43:38 - INIT_VARIABLES -   prevcopies = 1, nextcopies=1
2021/12/06 17:43:38 - INIT_VARIABLES - Transformation allocated new rowset [Define V_SUNNEL_PASS.0 - Set V_SUNNEL_PASS.0]
2021/12/06 17:43:38 - INIT_VARIABLES -  Allocated 9 rowsets for step 5 --> Define V_SUNNEL_PASS  
2021/12/06 17:43:38 - INIT_VARIABLES -  Allocating rowsets for step 6 --> Set V_SUNNEL_PASS
2021/12/06 17:43:38 - INIT_VARIABLES -  Allocated 9 rowsets for step 6 --> Set V_SUNNEL_PASS  
2021/12/06 17:43:38 - INIT_VARIABLES -  Allocating rowsets for step 7 --> Generate Global Parameter Rows
2021/12/06 17:43:38 - INIT_VARIABLES -   prevcopies = 1, nextcopies=1
2021/12/06 17:43:38 - INIT_VARIABLES - Transformation allocated new rowset [Generate Global Parameter Rows.0 - Set Global Parameters.0]
2021/12/06 17:43:38 - INIT_VARIABLES -  Allocated 10 rowsets for step 7 --> Generate Global Parameter Rows  
2021/12/06 17:43:38 - INIT_VARIABLES -  Allocating rowsets for step 8 --> Set Global Parameters
2021/12/06 17:43:38 - INIT_VARIABLES -  Allocated 10 rowsets for step 8 --> Set Global Parameters  
2021/12/06 17:43:38 - INIT_VARIABLES -  Allocating rowsets for step 9 --> Define V_SUNNEL_SCHEMA
2021/12/06 17:43:38 - INIT_VARIABLES -   prevcopies = 1, nextcopies=1
2021/12/06 17:43:38 - INIT_VARIABLES - Transformation allocated new rowset [Define V_SUNNEL_SCHEMA.0 - Set V_SUNNEL_SCHEMA.0]
2021/12/06 17:43:38 - INIT_VARIABLES -  Allocated 11 rowsets for step 9 --> Define V_SUNNEL_SCHEMA  
2021/12/06 17:43:38 - INIT_VARIABLES -  Allocating rowsets for step 10 --> Set V_SUNNEL_SCHEMA
2021/12/06 17:43:38 - INIT_VARIABLES -  Allocated 11 rowsets for step 10 --> Set V_SUNNEL_SCHEMA  
2021/12/06 17:43:38 - INIT_VARIABLES -  Allocating rowsets for step 11 --> Define Codigo Pais CREDINTER
2021/12/06 17:43:38 - INIT_VARIABLES -   prevcopies = 1, nextcopies=1
2021/12/06 17:43:38 - INIT_VARIABLES - Transformation allocated new rowset [Define Codigo Pais CREDINTER.0 - Set V_PAIS_CREDINTER.0]
2021/12/06 17:43:38 - INIT_VARIABLES -  Allocated 12 rowsets for step 11 --> Define Codigo Pais CREDINTER  
2021/12/06 17:43:38 - INIT_VARIABLES -  Allocating rowsets for step 12 --> Set V_PAIS_CREDINTER
2021/12/06 17:43:38 - INIT_VARIABLES -  Allocated 12 rowsets for step 12 --> Set V_PAIS_CREDINTER  
2021/12/06 17:43:38 - INIT_VARIABLES -  Allocating rowsets for step 13 --> Define Simbolo Moneda
2021/12/06 17:43:38 - INIT_VARIABLES -   prevcopies = 1, nextcopies=1
2021/12/06 17:43:38 - INIT_VARIABLES - Transformation allocated new rowset [Define Simbolo Moneda.0 - Set V_MONEDA.0]
2021/12/06 17:43:38 - INIT_VARIABLES -  Allocated 13 rowsets for step 13 --> Define Simbolo Moneda  
2021/12/06 17:43:38 - INIT_VARIABLES -  Allocating rowsets for step 14 --> Set V_MONEDA
2021/12/06 17:43:38 - INIT_VARIABLES -  Allocated 13 rowsets for step 14 --> Set V_MONEDA  
2021/12/06 17:43:38 - INIT_VARIABLES - Allocating Steps & StepData...
2021/12/06 17:43:38 - INIT_VARIABLES -  Transformation is about to allocate step [Get P_PAIS] of type [GetVariable]
2021/12/06 17:43:38 - INIT_VARIABLES -   Step has nrcopies=1
2021/12/06 17:43:38 - Get P_PAIS.0 - distribution de-activated
2021/12/06 17:43:38 - Get P_PAIS.0 - Starting allocation of buffers & new threads...
2021/12/06 17:43:38 - Get P_PAIS.0 - Step info: nrinput=0 nroutput=6
2021/12/06 17:43:38 - Get P_PAIS.0 - output rel. is  1:1
2021/12/06 17:43:38 - Get P_PAIS.0 - Found output rowset [Get P_PAIS.0 - Define V_SUNNEL_JDBC_URL.0]
2021/12/06 17:43:38 - Get P_PAIS.0 - output rel. is  1:1
2021/12/06 17:43:38 - Get P_PAIS.0 - output rel. is  1:1
2021/12/06 17:43:38 - Get P_PAIS.0 - Found output rowset [Get P_PAIS.0 - Define V_SUNNEL_PASS.0]
2021/12/06 17:43:38 - Get P_PAIS.0 - output rel. is  1:1
2021/12/06 17:43:38 - Get P_PAIS.0 - Found output rowset [Get P_PAIS.0 - Define V_SUNNEL_SCHEMA.0]
2021/12/06 17:43:38 - Get P_PAIS.0 - output rel. is  1:1
2021/12/06 17:43:38 - Get P_PAIS.0 - Found output rowset [Get P_PAIS.0 - Define Codigo Pais CREDINTER.0]
2021/12/06 17:43:38 - Get P_PAIS.0 - output rel. is  1:1
2021/12/06 17:43:38 - Get P_PAIS.0 - Found output rowset [Get P_PAIS.0 - Define Simbolo Moneda.0]
2021/12/06 17:43:38 - Get P_PAIS.0 - Finished dispatching
2021/12/06 17:43:38 - INIT_VARIABLES -  Transformation has allocated a new step: [Get P_PAIS].0
2021/12/06 17:43:38 - INIT_VARIABLES -  Transformation is about to allocate step [Define V_SUNNEL_JDBC_URL] of type [ValueMapper]
2021/12/06 17:43:38 - INIT_VARIABLES -   Step has nrcopies=1
2021/12/06 17:43:38 - Define V_SUNNEL_JDBC_URL.0 - distribution de-activated
2021/12/06 17:43:38 - Define V_SUNNEL_JDBC_URL.0 - Starting allocation of buffers & new threads...
2021/12/06 17:43:38 - Define V_SUNNEL_JDBC_URL.0 - Step info: nrinput=1 nroutput=1
2021/12/06 17:43:38 - Define V_SUNNEL_JDBC_URL.0 - Got previous step from [Define V_SUNNEL_JDBC_URL] #0 --> Get P_PAIS
2021/12/06 17:43:38 - Define V_SUNNEL_JDBC_URL.0 - input rel is 1:1
2021/12/06 17:43:38 - Define V_SUNNEL_JDBC_URL.0 - Found input rowset [Get P_PAIS.0 - Define V_SUNNEL_JDBC_URL.0]
2021/12/06 17:43:38 - Define V_SUNNEL_JDBC_URL.0 - output rel. is  1:1
2021/12/06 17:43:38 - Define V_SUNNEL_JDBC_URL.0 - Found output rowset [Define V_SUNNEL_JDBC_URL.0 - Set V_SUNNEL_URL.0]
2021/12/06 17:43:38 - Define V_SUNNEL_JDBC_URL.0 - Finished dispatching
2021/12/06 17:43:38 - INIT_VARIABLES -  Transformation has allocated a new step: [Define V_SUNNEL_JDBC_URL].0
2021/12/06 17:43:38 - INIT_VARIABLES -  Transformation is about to allocate step [Set V_SUNNEL_URL] of type [SetVariable]
2021/12/06 17:43:38 - INIT_VARIABLES -   Step has nrcopies=1
2021/12/06 17:43:38 - Set V_SUNNEL_URL.0 - distribution activated
2021/12/06 17:43:38 - Set V_SUNNEL_URL.0 - Starting allocation of buffers & new threads...
2021/12/06 17:43:38 - Set V_SUNNEL_URL.0 - Step info: nrinput=1 nroutput=0
2021/12/06 17:43:38 - Set V_SUNNEL_URL.0 - Got previous step from [Set V_SUNNEL_URL] #0 --> Define V_SUNNEL_JDBC_URL
2021/12/06 17:43:38 - Set V_SUNNEL_URL.0 - input rel is 1:1
2021/12/06 17:43:38 - Set V_SUNNEL_URL.0 - Found input rowset [Define V_SUNNEL_JDBC_URL.0 - Set V_SUNNEL_URL.0]
2021/12/06 17:43:38 - Set V_SUNNEL_URL.0 - Finished dispatching
2021/12/06 17:43:38 - INIT_VARIABLES -  Transformation has allocated a new step: [Set V_SUNNEL_URL].0
2021/12/06 17:43:38 - INIT_VARIABLES -  Transformation is about to allocate step [Define V_SUNNEL_USER] of type [ValueMapper]
2021/12/06 17:43:38 - INIT_VARIABLES -   Step has nrcopies=1
2021/12/06 17:43:38 - Define V_SUNNEL_USER.0 - distribution activated
2021/12/06 17:43:38 - Define V_SUNNEL_USER.0 - Starting allocation of buffers & new threads...
2021/12/06 17:43:38 - Define V_SUNNEL_USER.0 - Step info: nrinput=1 nroutput=1
2021/12/06 17:43:38 - Define V_SUNNEL_USER.0 - Got previous step from [Define V_SUNNEL_USER] #0 --> Get P_PAIS
2021/12/06 17:43:38 - Define V_SUNNEL_USER.0 - input rel is 1:1
2021/12/06 17:43:38 - Define V_SUNNEL_USER.0 - Found input rowset [Get P_PAIS.0 - Define V_SUNNEL_USER.0]
2021/12/06 17:43:38 - Define V_SUNNEL_USER.0 - output rel. is  1:1
2021/12/06 17:43:38 - Define V_SUNNEL_USER.0 - Found output rowset [Define V_SUNNEL_USER.0 - Set V_SUNNEL_USER.0]
2021/12/06 17:43:38 - Define V_SUNNEL_USER.0 - Finished dispatching
2021/12/06 17:43:38 - INIT_VARIABLES -  Transformation has allocated a new step: [Define V_SUNNEL_USER].0
2021/12/06 17:43:38 - INIT_VARIABLES -  Transformation is about to allocate step [Set V_SUNNEL_USER] of type [SetVariable]
2021/12/06 17:43:38 - INIT_VARIABLES -   Step has nrcopies=1
2021/12/06 17:43:38 - Set V_SUNNEL_USER.0 - distribution activated
2021/12/06 17:43:38 - Set V_SUNNEL_USER.0 - Starting allocation of buffers & new threads...
2021/12/06 17:43:38 - Set V_SUNNEL_USER.0 - Step info: nrinput=1 nroutput=0
2021/12/06 17:43:38 - Set V_SUNNEL_USER.0 - Got previous step from [Set V_SUNNEL_USER] #0 --> Define V_SUNNEL_USER
2021/12/06 17:43:38 - Set V_SUNNEL_USER.0 - input rel is 1:1
2021/12/06 17:43:38 - Set V_SUNNEL_USER.0 - Found input rowset [Define V_SUNNEL_USER.0 - Set V_SUNNEL_USER.0]
2021/12/06 17:43:38 - Set V_SUNNEL_USER.0 - Finished dispatching
2021/12/06 17:43:38 - INIT_VARIABLES -  Transformation has allocated a new step: [Set V_SUNNEL_USER].0
2021/12/06 17:43:38 - INIT_VARIABLES -  Transformation is about to allocate step [Define V_SUNNEL_PASS] of type [ValueMapper]
2021/12/06 17:43:38 - INIT_VARIABLES -   Step has nrcopies=1
2021/12/06 17:43:38 - Define V_SUNNEL_PASS.0 - distribution activated
2021/12/06 17:43:38 - Define V_SUNNEL_PASS.0 - Starting allocation of buffers & new threads...
2021/12/06 17:43:38 - Define V_SUNNEL_PASS.0 - Step info: nrinput=1 nroutput=1
2021/12/06 17:43:38 - Define V_SUNNEL_PASS.0 - Got previous step from [Define V_SUNNEL_PASS] #0 --> Get P_PAIS
2021/12/06 17:43:38 - Define V_SUNNEL_PASS.0 - input rel is 1:1
2021/12/06 17:43:38 - Define V_SUNNEL_PASS.0 - Found input rowset [Get P_PAIS.0 - Define V_SUNNEL_PASS.0]
2021/12/06 17:43:38 - Define V_SUNNEL_PASS.0 - output rel. is  1:1
2021/12/06 17:43:38 - Define V_SUNNEL_PASS.0 - Found output rowset [Define V_SUNNEL_PASS.0 - Set V_SUNNEL_PASS.0]
2021/12/06 17:43:38 - Define V_SUNNEL_PASS.0 - Finished dispatching
2021/12/06 17:43:38 - INIT_VARIABLES -  Transformation has allocated a new step: [Define V_SUNNEL_PASS].0
2021/12/06 17:43:38 - INIT_VARIABLES -  Transformation is about to allocate step [Set V_SUNNEL_PASS] of type [SetVariable]
2021/12/06 17:43:38 - INIT_VARIABLES -   Step has nrcopies=1
2021/12/06 17:43:38 - Set V_SUNNEL_PASS.0 - distribution activated
2021/12/06 17:43:38 - Set V_SUNNEL_PASS.0 - Starting allocation of buffers & new threads...
2021/12/06 17:43:38 - Set V_SUNNEL_PASS.0 - Step info: nrinput=1 nroutput=0
2021/12/06 17:43:38 - Set V_SUNNEL_PASS.0 - Got previous step from [Set V_SUNNEL_PASS] #0 --> Define V_SUNNEL_PASS
2021/12/06 17:43:38 - Set V_SUNNEL_PASS.0 - input rel is 1:1
2021/12/06 17:43:38 - Set V_SUNNEL_PASS.0 - Found input rowset [Define V_SUNNEL_PASS.0 - Set V_SUNNEL_PASS.0]
2021/12/06 17:43:38 - Set V_SUNNEL_PASS.0 - Finished dispatching
2021/12/06 17:43:38 - INIT_VARIABLES -  Transformation has allocated a new step: [Set V_SUNNEL_PASS].0
2021/12/06 17:43:38 - INIT_VARIABLES -  Transformation is about to allocate step [Generate Global Parameter Rows] of type [RowGenerator]
2021/12/06 17:43:38 - INIT_VARIABLES -   Step has nrcopies=1
2021/12/06 17:43:38 - Generate Global Parameter Rows.0 - distribution activated
2021/12/06 17:43:38 - Generate Global Parameter Rows.0 - Starting allocation of buffers & new threads...
2021/12/06 17:43:38 - Generate Global Parameter Rows.0 - Step info: nrinput=0 nroutput=1
2021/12/06 17:43:38 - Generate Global Parameter Rows.0 - output rel. is  1:1
2021/12/06 17:43:38 - Generate Global Parameter Rows.0 - Found output rowset [Generate Global Parameter Rows.0 - Set Global Parameters.0]
2021/12/06 17:43:38 - Generate Global Parameter Rows.0 - Finished dispatching
2021/12/06 17:43:38 - INIT_VARIABLES -  Transformation has allocated a new step: [Generate Global Parameter Rows].0
2021/12/06 17:43:38 - INIT_VARIABLES -  Transformation is about to allocate step [Set Global Parameters] of type [SetVariable]
2021/12/06 17:43:38 - INIT_VARIABLES -   Step has nrcopies=1
2021/12/06 17:43:38 - Set Global Parameters.0 - distribution activated
2021/12/06 17:43:38 - Set Global Parameters.0 - Starting allocation of buffers & new threads...
2021/12/06 17:43:38 - Set Global Parameters.0 - Step info: nrinput=1 nroutput=0
2021/12/06 17:43:38 - Set Global Parameters.0 - Got previous step from [Set Global Parameters] #0 --> Generate Global Parameter Rows
2021/12/06 17:43:38 - Get P_PAIS.0 - Found output rowset [Get P_PAIS.0 - Define V_SUNNEL_USER.0]
2021/12/06 17:43:38 - Get P_PAIS.0 - output rel. is  1:1
2021/12/06 17:43:38 - Get P_PAIS.0 - Found output rowset [Get P_PAIS.0 - Define V_SUNNEL_PASS.0]
2021/12/06 17:43:38 - Get P_PAIS.0 - output rel. is  1:1
2021/12/06 17:43:38 - Get P_PAIS.0 - Found output rowset [Get P_PAIS.0 - Define V_SUNNEL_SCHEMA.0]
2021/12/06 17:43:38 - Get P_PAIS.0 - output rel. is  1:1
2021/12/06 17:43:38 - Get P_PAIS.0 - Found output rowset [Get P_PAIS.0 - Define Codigo Pais CREDINTER.0]
2021/12/06 17:43:38 - Get P_PAIS.0 - output rel. is  1:1
2021/12/06 17:43:38 - Get P_PAIS.0 - Found output rowset [Get P_PAIS.0 - Define Simbolo Moneda.0]
2021/12/06 17:43:38 - Get P_PAIS.0 - Finished dispatching
2021/12/06 17:43:38 - INIT_VARIABLES -  Transformation has allocated a new step: [Get P_PAIS].0
2021/12/06 17:43:38 - INIT_VARIABLES -  Transformation is about to allocate step [Define V_SUNNEL_JDBC_URL] of type [ValueMapper]
2021/12/06 17:43:38 - INIT_VARIABLES -   Step has nrcopies=1
2021/12/06 17:43:38 - Define V_SUNNEL_JDBC_URL.0 - distribution de-activated
2021/12/06 17:43:38 - Define V_SUNNEL_JDBC_URL.0 - Starting allocation of buffers & new threads...
2021/12/06 17:43:38 - Define V_SUNNEL_JDBC_URL.0 - Step info: nrinput=1 nroutput=1
2021/12/06 17:43:38 - Define V_SUNNEL_JDBC_URL.0 - Got previous step from [Define V_SUNNEL_JDBC_URL] #0 --> Get P_PAIS
2021/12/06 17:43:38 - Define V_SUNNEL_JDBC_URL.0 - input rel is 1:1
2021/12/06 17:43:38 - Define V_SUNNEL_JDBC_URL.0 - Found input rowset [Get P_PAIS.0 - Define V_SUNNEL_JDBC_URL.0]
2021/12/06 17:43:38 - Define V_SUNNEL_JDBC_URL.0 - output rel. is  1:1
2021/12/06 17:43:38 - Define V_SUNNEL_JDBC_URL.0 - Found output rowset [Define V_SUNNEL_JDBC_URL.0 - Set V_SUNNEL_URL.0]
2021/12/06 17:43:38 - Define V_SUNNEL_JDBC_URL.0 - Finished dispatching
2021/12/06 17:43:38 - INIT_VARIABLES -  Transformation has allocated a new step: [Define V_SUNNEL_JDBC_URL].0
2021/12/06 17:43:38 - INIT_VARIABLES -  Transformation is about to allocate step [Set V_SUNNEL_URL] of type [SetVariable]
2021/12/06 17:43:38 - INIT_VARIABLES -   Step has nrcopies=1
2021/12/06 17:43:38 - Set V_SUNNEL_URL.0 - distribution activated
2021/12/06 17:43:38 - Set V_SUNNEL_URL.0 - Starting allocation of buffers & new threads...
2021/12/06 17:43:38 - Set V_SUNNEL_URL.0 - Step info: nrinput=1 nroutput=0
2021/12/06 17:43:38 - Set V_SUNNEL_URL.0 - Got previous step from [Set V_SUNNEL_URL] #0 --> Define V_SUNNEL_JDBC_URL
2021/12/06 17:43:38 - Set V_SUNNEL_URL.0 - input rel is 1:1
2021/12/06 17:43:38 - Set V_SUNNEL_URL.0 - Found input rowset [Define V_SUNNEL_JDBC_URL.0 - Set V_SUNNEL_URL.0]
2021/12/06 17:43:38 - Set V_SUNNEL_URL.0 - Finished dispatching
2021/12/06 17:43:38 - INIT_VARIABLES -  Transformation has allocated a new step: [Set V_SUNNEL_URL].0
2021/12/06 17:43:38 - INIT_VARIABLES -  Transformation is about to allocate step [Define V_SUNNEL_USER] of type [ValueMapper]
2021/12/06 17:43:38 - INIT_VARIABLES -   Step has nrcopies=1
2021/12/06 17:43:38 - Define V_SUNNEL_USER.0 - distribution activated
2021/12/06 17:43:38 - Define V_SUNNEL_USER.0 - Starting allocation of buffers & new threads...
2021/12/06 17:43:38 - Define V_SUNNEL_USER.0 - Step info: nrinput=1 nroutput=1
2021/12/06 17:43:38 - Define V_SUNNEL_USER.0 - Got previous step from [Define V_SUNNEL_USER] #0 --> Get P_PAIS
2021/12/06 17:43:38 - Define V_SUNNEL_USER.0 - input rel is 1:1
2021/12/06 17:43:38 - Define V_SUNNEL_USER.0 - Found input rowset [Get P_PAIS.0 - Define V_SUNNEL_USER.0]
2021/12/06 17:43:38 - Define V_SUNNEL_USER.0 - output rel. is  1:1
2021/12/06 17:43:38 - Define V_SUNNEL_USER.0 - Found output rowset [Define V_SUNNEL_USER.0 - Set V_SUNNEL_USER.0]
2021/12/06 17:43:38 - Define V_SUNNEL_USER.0 - Finished dispatching
2021/12/06 17:43:38 - INIT_VARIABLES -  Transformation has allocated a new step: [Define V_SUNNEL_USER].0
2021/12/06 17:43:38 - INIT_VARIABLES -  Transformation is about to allocate step [Set V_SUNNEL_USER] of type [SetVariable]
2021/12/06 17:43:38 - INIT_VARIABLES -   Step has nrcopies=1
2021/12/06 17:43:38 - Set V_SUNNEL_USER.0 - distribution activated
2021/12/06 17:43:38 - Set V_SUNNEL_USER.0 - Starting allocation of buffers & new threads...
2021/12/06 17:43:38 - Set V_SUNNEL_USER.0 - Step info: nrinput=1 nroutput=0
2021/12/06 17:43:38 - Set V_SUNNEL_USER.0 - Got previous step from [Set V_SUNNEL_USER] #0 --> Define V_SUNNEL_USER
2021/12/06 17:43:38 - Set V_SUNNEL_USER.0 - input rel is 1:1
2021/12/06 17:43:38 - Set V_SUNNEL_USER.0 - Found input rowset [Define V_SUNNEL_USER.0 - Set V_SUNNEL_USER.0]
2021/12/06 17:43:38 - Set V_SUNNEL_USER.0 - Finished dispatching
2021/12/06 17:43:38 - INIT_VARIABLES -  Transformation has allocated a new step: [Set V_SUNNEL_USER].0
2021/12/06 17:43:38 - INIT_VARIABLES -  Transformation is about to allocate step [Define V_SUNNEL_PASS] of type [ValueMapper]
2021/12/06 17:43:38 - INIT_VARIABLES -   Step has nrcopies=1
2021/12/06 17:43:38 - Define V_SUNNEL_PASS.0 - distribution activated
2021/12/06 17:43:38 - Define V_SUNNEL_PASS.0 - Starting allocation of buffers & new threads...
2021/12/06 17:43:38 - Define V_SUNNEL_PASS.0 - Step info: nrinput=1 nroutput=1
2021/12/06 17:43:38 - Define V_SUNNEL_PASS.0 - Got previous step from [Define V_SUNNEL_PASS] #0 --> Get P_PAIS
2021/12/06 17:43:38 - Define V_SUNNEL_PASS.0 - input rel is 1:1
2021/12/06 17:43:38 - Define V_SUNNEL_PASS.0 - Found input rowset [Get P_PAIS.0 - Define V_SUNNEL_PASS.0]
2021/12/06 17:43:38 - Define V_SUNNEL_PASS.0 - output rel. is  1:1
2021/12/06 17:43:38 - Define V_SUNNEL_PASS.0 - Found output rowset [Define V_SUNNEL_PASS.0 - Set V_SUNNEL_PASS.0]
2021/12/06 17:43:38 - Define V_SUNNEL_PASS.0 - Finished dispatching
2021/12/06 17:43:38 - INIT_VARIABLES -  Transformation has allocated a new step: [Define V_SUNNEL_PASS].0
2021/12/06 17:43:38 - INIT_VARIABLES -  Transformation is about to allocate step [Set V_SUNNEL_PASS] of type [SetVariable]
2021/12/06 17:43:38 - INIT_VARIABLES -   Step has nrcopies=1
2021/12/06 17:43:38 - Set V_SUNNEL_PASS.0 - distribution activated
2021/12/06 17:43:38 - Set V_SUNNEL_PASS.0 - Starting allocation of buffers & new threads...
2021/12/06 17:43:38 - Set V_SUNNEL_PASS.0 - Step info: nrinput=1 nroutput=0
2021/12/06 17:43:38 - Set V_SUNNEL_PASS.0 - Got previous step from [Set V_SUNNEL_PASS] #0 --> Define V_SUNNEL_PASS
2021/12/06 17:43:38 - Set V_SUNNEL_PASS.0 - input rel is 1:1
2021/12/06 17:43:38 - Set V_SUNNEL_PASS.0 - Found input rowset [Define V_SUNNEL_PASS.0 - Set V_SUNNEL_PASS.0]
2021/12/06 17:43:38 - Set V_SUNNEL_PASS.0 - Finished dispatching
2021/12/06 17:43:38 - INIT_VARIABLES -  Transformation has allocated a new step: [Set V_SUNNEL_PASS].0
2021/12/06 17:43:38 - INIT_VARIABLES -  Transformation is about to allocate step [Generate Global Parameter Rows] of type [RowGenerator]
2021/12/06 17:43:38 - INIT_VARIABLES -   Step has nrcopies=1
2021/12/06 17:43:38 - Generate Global Parameter Rows.0 - distribution activated
2021/12/06 17:43:38 - Generate Global Parameter Rows.0 - Starting allocation of buffers & new threads...
2021/12/06 17:43:38 - Generate Global Parameter Rows.0 - Step info: nrinput=0 nroutput=1
2021/12/06 17:43:38 - Generate Global Parameter Rows.0 - output rel. is  1:1
2021/12/06 17:43:38 - Generate Global Parameter Rows.0 - Found output rowset [Generate Global Parameter Rows.0 - Set Global Parameters.0]
2021/12/06 17:43:38 - Generate Global Parameter Rows.0 - Finished dispatching
2021/12/06 17:43:38 - INIT_VARIABLES -  Transformation has allocated a new step: [Generate Global Parameter Rows].0
2021/12/06 17:43:38 - INIT_VARIABLES -  Transformation is about to allocate step [Set Global Parameters] of type [SetVariable]
2021/12/06 17:43:38 - INIT_VARIABLES -   Step has nrcopies=1
2021/12/06 17:43:38 - Set Global Parameters.0 - distribution activated
2021/12/06 17:43:38 - Set Global Parameters.0 - Starting allocation of buffers & new threads...
2021/12/06 17:43:38 - Set Global Parameters.0 - Step info: nrinput=1 nroutput=0
2021/12/06 17:43:38 - Set Global Parameters.0 - input rel is 1:1
2021/12/06 17:43:38 - Set Global Parameters.0 - Found input rowset [Generate Global Parameter Rows.0 - Set Global Parameters.0]
2021/12/06 17:43:38 - Set Global Parameters.0 - Finished dispatching
2021/12/06 17:43:38 - INIT_VARIABLES -  Transformation has allocated a new step: [Set Global Parameters].0
2021/12/06 17:43:38 - INIT_VARIABLES -  Transformation is about to allocate step [Define V_SUNNEL_SCHEMA] of type [ValueMapper]
2021/12/06 17:43:38 - INIT_VARIABLES -   Step has nrcopies=1
2021/12/06 17:43:38 - Define V_SUNNEL_SCHEMA.0 - distribution activated
2021/12/06 17:43:38 - Define V_SUNNEL_SCHEMA.0 - Starting allocation of buffers & new threads...
2021/12/06 17:43:38 - Define V_SUNNEL_SCHEMA.0 - Step info: nrinput=1 nroutput=1
2021/12/06 17:43:38 - Define V_SUNNEL_SCHEMA.0 - Got previous step from [Define V_SUNNEL_SCHEMA] #0 --> Get P_PAIS
2021/12/06 17:43:38 - Define V_SUNNEL_SCHEMA.0 - input rel is 1:1
2021/12/06 17:43:38 - Define V_SUNNEL_SCHEMA.0 - Found input rowset [Get P_PAIS.0 - Define V_SUNNEL_SCHEMA.0]
2021/12/06 17:43:38 - Define V_SUNNEL_SCHEMA.0 - output rel. is  1:1
2021/12/06 17:43:38 - Define V_SUNNEL_SCHEMA.0 - Found output rowset [Define V_SUNNEL_SCHEMA.0 - Set V_SUNNEL_SCHEMA.0]
2021/12/06 17:43:38 - Define V_SUNNEL_SCHEMA.0 - Finished dispatching
2021/12/06 17:43:38 - INIT_VARIABLES -  Transformation has allocated a new step: [Define V_SUNNEL_SCHEMA].0
2021/12/06 17:43:38 - INIT_VARIABLES -  Transformation is about to allocate step [Set V_SUNNEL_SCHEMA] of type [SetVariable]
2021/12/06 17:43:38 - INIT_VARIABLES -   Step has nrcopies=1
2021/12/06 17:43:38 - Set V_SUNNEL_SCHEMA.0 - distribution activated
2021/12/06 17:43:38 - Set V_SUNNEL_SCHEMA.0 - Starting allocation of buffers & new threads...
2021/12/06 17:43:38 - Set V_SUNNEL_SCHEMA.0 - Step info: nrinput=1 nroutput=0
2021/12/06 17:43:38 - Set V_SUNNEL_SCHEMA.0 - Got previous step from [Set V_SUNNEL_SCHEMA] #0 --> Define V_SUNNEL_SCHEMA
2021/12/06 17:43:38 - Set V_SUNNEL_SCHEMA.0 - input rel is 1:1
2021/12/06 17:43:38 - Set V_SUNNEL_SCHEMA.0 - Found input rowset [Define V_SUNNEL_SCHEMA.0 - Set V_SUNNEL_SCHEMA.0]
2021/12/06 17:43:38 - Set V_SUNNEL_SCHEMA.0 - Finished dispatching
2021/12/06 17:43:38 - INIT_VARIABLES -  Transformation has allocated a new step: [Set V_SUNNEL_SCHEMA].0
2021/12/06 17:43:38 - INIT_VARIABLES -  Transformation is about to allocate step [Define Codigo Pais CREDINTER] of type [ValueMapper]
2021/12/06 17:43:38 - INIT_VARIABLES -   Step has nrcopies=1
2021/12/06 17:43:38 - Define Codigo Pais CREDINTER.0 - distribution de-activated
2021/12/06 17:43:38 - Define Codigo Pais CREDINTER.0 - Starting allocation of buffers & new threads...
2021/12/06 17:43:38 - Define Codigo Pais CREDINTER.0 - Step info: nrinput=1 nroutput=1
2021/12/06 17:43:38 - Define Codigo Pais CREDINTER.0 - Got previous step from [Define Codigo Pais CREDINTER] #0 --> Get P_PAIS
2021/12/06 17:43:38 - Define Codigo Pais CREDINTER.0 - input rel is 1:1
2021/12/06 17:43:38 - Define Codigo Pais CREDINTER.0 - Found input rowset [Get P_PAIS.0 - Define Codigo Pais CREDINTER.0]
2021/12/06 17:43:38 - Define Codigo Pais CREDINTER.0 - output rel. is  1:1
2021/12/06 17:43:38 - Define Codigo Pais CREDINTER.0 - Found output rowset [Define Codigo Pais CREDINTER.0 - Set V_PAIS_CREDINTER.0]
2021/12/06 17:43:38 - Define Codigo Pais CREDINTER.0 - Finished dispatching
2021/12/06 17:43:38 - INIT_VARIABLES -  Transformation has allocated a new step: [Define Codigo Pais CREDINTER].0
2021/12/06 17:43:38 - INIT_VARIABLES -  Transformation is about to allocate step [Set V_PAIS_CREDINTER] of type [SetVariable]
2021/12/06 17:43:38 - INIT_VARIABLES -   Step has nrcopies=1
2021/12/06 17:43:38 - Set V_PAIS_CREDINTER.0 - distribution activated
2021/12/06 17:43:38 - Set V_PAIS_CREDINTER.0 - Starting allocation of buffers & new threads...
2021/12/06 17:43:38 - Set V_PAIS_CREDINTER.0 - Step info: nrinput=1 nroutput=0
2021/12/06 17:43:38 - Set V_PAIS_CREDINTER.0 - Got previous step from [Set V_PAIS_CREDINTER] #0 --> Define Codigo Pais CREDINTER
2021/12/06 17:43:38 - Set V_PAIS_CREDINTER.0 - input rel is 1:1
2021/12/06 17:43:38 - Set V_PAIS_CREDINTER.0 - Found input rowset [Define Codigo Pais CREDINTER.0 - Set V_PAIS_CREDINTER.0]
2021/12/06 17:43:38 - Set V_PAIS_CREDINTER.0 - Finished dispatching
2021/12/06 17:43:38 - INIT_VARIABLES -  Transformation has allocated a new step: [Set V_PAIS_CREDINTER].0
2021/12/06 17:43:38 - INIT_VARIABLES -  Transformation is about to allocate step [Define Simbolo Moneda] of type [ValueMapper]
2021/12/06 17:43:38 - INIT_VARIABLES -   Step has nrcopies=1
2021/12/06 17:43:38 - Define Simbolo Moneda.0 - distribution de-activated
2021/12/06 17:43:38 - Define Simbolo Moneda.0 - Starting allocation of buffers & new threads...
2021/12/06 17:43:38 - Define Simbolo Moneda.0 - Step info: nrinput=1 nroutput=1
2021/12/06 17:43:38 - Define Simbolo Moneda.0 - Got previous step from [Define Simbolo Moneda] #0 --> Get P_PAIS
2021/12/06 17:43:38 - Define Simbolo Moneda.0 - input rel is 1:1
2021/12/06 17:43:38 - Define Simbolo Moneda.0 - Found input rowset [Get P_PAIS.0 - Define Simbolo Moneda.0]
2021/12/06 17:43:38 - Define Simbolo Moneda.0 - output rel. is  1:1
2021/12/06 17:43:38 - Define Simbolo Moneda.0 - Found output rowset [Define Simbolo Moneda.0 - Set V_MONEDA.0]
2021/12/06 17:43:38 - Define Simbolo Moneda.0 - Finished dispatching
2021/12/06 17:43:38 - INIT_VARIABLES -  Transformation has allocated a new step: [Define Simbolo Moneda].0
2021/12/06 17:43:38 - INIT_VARIABLES -  Transformation is about to allocate step [Set V_MONEDA] of type [SetVariable]
2021/12/06 17:43:38 - INIT_VARIABLES -   Step has nrcopies=1
2021/12/06 17:43:38 - Set V_MONEDA.0 - distribution activated
2021/12/06 17:43:38 - Set V_MONEDA.0 - Starting allocation of buffers & new threads...
2021/12/06 17:43:38 - Set V_MONEDA.0 - Step info: nrinput=1 nroutput=0
2021/12/06 17:43:38 - Set V_MONEDA.0 - Got previous step from [Set V_MONEDA] #0 --> Define Simbolo Moneda
2021/12/06 17:43:38 - Set V_MONEDA.0 - input rel is 1:1
2021/12/06 17:43:38 - Set V_MONEDA.0 - Found input rowset [Define Simbolo Moneda.0 - Set V_MONEDA.0]
2021/12/06 17:43:38 - Set V_MONEDA.0 - Finished dispatching
2021/12/06 17:43:38 - INIT_VARIABLES -  Transformation has allocated a new step: [Set V_MONEDA].0
2021/12/06 17:43:38 - INIT_VARIABLES - This transformation can be replayed with replay date: 2021/12/06 17:43:38
2021/12/06 17:43:38 - INIT_VARIABLES - Initialising 15 steps...
2021/12/06 17:43:38 - Define V_SUNNEL_JDBC_URL.0 - Running on slave server #0/1.
2021/12/06 17:43:38 - Set V_SUNNEL_URL.0 - Running on slave server #0/1.
2021/12/06 17:43:38 - Get P_PAIS.0 - Running on slave server #0/1.
2021/12/06 17:43:38 - Define V_SUNNEL_USER.0 - Running on slave server #0/1.
2021/12/06 17:43:38 - Set V_SUNNEL_USER.0 - Running on slave server #0/1.
2021/12/06 17:43:38 - Define V_SUNNEL_PASS.0 - Running on slave server #0/1.
2021/12/06 17:43:38 - Generate Global Parameter Rows.0 - Running on slave server #0/1.
2021/12/06 17:43:38 - Set V_SUNNEL_PASS.0 - Running on slave server #0/1.
2021/12/06 17:43:38 - Set Global Parameters.0 - Running on slave server #0/1.
2021/12/06 17:43:38 - Define V_SUNNEL_SCHEMA.0 - Running on slave server #0/1.
2021/12/06 17:43:38 - Set V_SUNNEL_SCHEMA.0 - Running on slave server #0/1.
2021/12/06 17:43:38 - Define Codigo Pais CREDINTER.0 - Running on slave server #0/1.
2021/12/06 17:43:38 - Set V_PAIS_CREDINTER.0 - Running on slave server #0/1.
2021/12/06 17:43:38 - Define Simbolo Moneda.0 - Running on slave server #0/1.
2021/12/06 17:43:38 - Set V_MONEDA.0 - Running on slave server #0/1.
2021/12/06 17:43:38 - INIT_VARIABLES - Step [Get P_PAIS.0] initialized flawlessly.
2021/12/06 17:43:38 - INIT_VARIABLES - Step [Define V_SUNNEL_JDBC_URL.0] initialized flawlessly.
2021/12/06 17:43:38 - INIT_VARIABLES - Step [Set V_SUNNEL_URL.0] initialized flawlessly.
2021/12/06 17:43:38 - INIT_VARIABLES - Step [Define V_SUNNEL_USER.0] initialized flawlessly.
2021/12/06 17:43:38 - Set Global Parameters.0 - Got previous step from [Set Global Parameters] #0 --> Generate Global Parameter Rows
2021/12/06 17:43:38 - Set Global Parameters.0 - input rel is 1:1
2021/12/06 17:43:38 - Set Global Parameters.0 - Found input rowset [Generate Global Parameter Rows.0 - Set Global Parameters.0]
2021/12/06 17:43:38 - Set Global Parameters.0 - Finished dispatching
2021/12/06 17:43:38 - INIT_VARIABLES -  Transformation has allocated a new step: [Set Global Parameters].0
2021/12/06 17:43:38 - INIT_VARIABLES -  Transformation is about to allocate step [Define V_SUNNEL_SCHEMA] of type [ValueMapper]
2021/12/06 17:43:38 - INIT_VARIABLES -   Step has nrcopies=1
2021/12/06 17:43:38 - Define V_SUNNEL_SCHEMA.0 - distribution activated
2021/12/06 17:43:38 - Define V_SUNNEL_SCHEMA.0 - Starting allocation of buffers & new threads...
2021/12/06 17:43:38 - Define V_SUNNEL_SCHEMA.0 - Step info: nrinput=1 nroutput=1
2021/12/06 17:43:38 - Define V_SUNNEL_SCHEMA.0 - Got previous step from [Define V_SUNNEL_SCHEMA] #0 --> Get P_PAIS
2021/12/06 17:43:38 - Define V_SUNNEL_SCHEMA.0 - input rel is 1:1
2021/12/06 17:43:38 - Define V_SUNNEL_SCHEMA.0 - Found input rowset [Get P_PAIS.0 - Define V_SUNNEL_SCHEMA.0]
2021/12/06 17:43:38 - Define V_SUNNEL_SCHEMA.0 - output rel. is  1:1
2021/12/06 17:43:38 - Define V_SUNNEL_SCHEMA.0 - Found output rowset [Define V_SUNNEL_SCHEMA.0 - Set V_SUNNEL_SCHEMA.0]
2021/12/06 17:43:38 - Define V_SUNNEL_SCHEMA.0 - Finished dispatching
2021/12/06 17:43:38 - INIT_VARIABLES -  Transformation has allocated a new step: [Define V_SUNNEL_SCHEMA].0
2021/12/06 17:43:38 - INIT_VARIABLES -  Transformation is about to allocate step [Set V_SUNNEL_SCHEMA] of type [SetVariable]
2021/12/06 17:43:38 - INIT_VARIABLES -   Step has nrcopies=1
2021/12/06 17:43:38 - Set V_SUNNEL_SCHEMA.0 - distribution activated
2021/12/06 17:43:38 - Set V_SUNNEL_SCHEMA.0 - Starting allocation of buffers & new threads...
2021/12/06 17:43:38 - Set V_SUNNEL_SCHEMA.0 - Step info: nrinput=1 nroutput=0
2021/12/06 17:43:38 - Set V_SUNNEL_SCHEMA.0 - Got previous step from [Set V_SUNNEL_SCHEMA] #0 --> Define V_SUNNEL_SCHEMA
2021/12/06 17:43:38 - Set V_SUNNEL_SCHEMA.0 - input rel is 1:1
2021/12/06 17:43:38 - Set V_SUNNEL_SCHEMA.0 - Found input rowset [Define V_SUNNEL_SCHEMA.0 - Set V_SUNNEL_SCHEMA.0]
2021/12/06 17:43:38 - Set V_SUNNEL_SCHEMA.0 - Finished dispatching
2021/12/06 17:43:38 - INIT_VARIABLES -  Transformation has allocated a new step: [Set V_SUNNEL_SCHEMA].0
2021/12/06 17:43:38 - INIT_VARIABLES -  Transformation is about to allocate step [Define Codigo Pais CREDINTER] of type [ValueMapper]
2021/12/06 17:43:38 - INIT_VARIABLES -   Step has nrcopies=1
2021/12/06 17:43:38 - Define Codigo Pais CREDINTER.0 - distribution de-activated
2021/12/06 17:43:38 - Define Codigo Pais CREDINTER.0 - Starting allocation of buffers & new threads...
2021/12/06 17:43:38 - Define Codigo Pais CREDINTER.0 - Step info: nrinput=1 nroutput=1
2021/12/06 17:43:38 - Define Codigo Pais CREDINTER.0 - Got previous step from [Define Codigo Pais CREDINTER] #0 --> Get P_PAIS
2021/12/06 17:43:38 - Define Codigo Pais CREDINTER.0 - input rel is 1:1
2021/12/06 17:43:38 - Define Codigo Pais CREDINTER.0 - Found input rowset [Get P_PAIS.0 - Define Codigo Pais CREDINTER.0]
2021/12/06 17:43:38 - Define Codigo Pais CREDINTER.0 - output rel. is  1:1
2021/12/06 17:43:38 - Define Codigo Pais CREDINTER.0 - Found output rowset [Define Codigo Pais CREDINTER.0 - Set V_PAIS_CREDINTER.0]
2021/12/06 17:43:38 - Define Codigo Pais CREDINTER.0 - Finished dispatching
2021/12/06 17:43:38 - INIT_VARIABLES -  Transformation has allocated a new step: [Define Codigo Pais CREDINTER].0
2021/12/06 17:43:38 - INIT_VARIABLES -  Transformation is about to allocate step [Set V_PAIS_CREDINTER] of type [SetVariable]
2021/12/06 17:43:38 - INIT_VARIABLES -   Step has nrcopies=1
2021/12/06 17:43:38 - Set V_PAIS_CREDINTER.0 - distribution activated
2021/12/06 17:43:38 - Set V_PAIS_CREDINTER.0 - Starting allocation of buffers & new threads...
2021/12/06 17:43:38 - Set V_PAIS_CREDINTER.0 - Step info: nrinput=1 nroutput=0
2021/12/06 17:43:38 - Set V_PAIS_CREDINTER.0 - Got previous step from [Set V_PAIS_CREDINTER] #0 --> Define Codigo Pais CREDINTER
2021/12/06 17:43:38 - Set V_PAIS_CREDINTER.0 - input rel is 1:1
2021/12/06 17:43:38 - Set V_PAIS_CREDINTER.0 - Found input rowset [Define Codigo Pais CREDINTER.0 - Set V_PAIS_CREDINTER.0]
2021/12/06 17:43:38 - Set V_PAIS_CREDINTER.0 - Finished dispatching
2021/12/06 17:43:38 - INIT_VARIABLES -  Transformation has allocated a new step: [Set V_PAIS_CREDINTER].0
2021/12/06 17:43:38 - INIT_VARIABLES -  Transformation is about to allocate step [Define Simbolo Moneda] of type [ValueMapper]
2021/12/06 17:43:38 - INIT_VARIABLES -   Step has nrcopies=1
2021/12/06 17:43:38 - Define Simbolo Moneda.0 - distribution de-activated
2021/12/06 17:43:38 - Define Simbolo Moneda.0 - Starting allocation of buffers & new threads...
2021/12/06 17:43:38 - Define Simbolo Moneda.0 - Step info: nrinput=1 nroutput=1
2021/12/06 17:43:38 - Define Simbolo Moneda.0 - Got previous step from [Define Simbolo Moneda] #0 --> Get P_PAIS
2021/12/06 17:43:38 - Define Simbolo Moneda.0 - input rel is 1:1
2021/12/06 17:43:38 - Define Simbolo Moneda.0 - Found input rowset [Get P_PAIS.0 - Define Simbolo Moneda.0]
2021/12/06 17:43:38 - Define Simbolo Moneda.0 - output rel. is  1:1
2021/12/06 17:43:38 - Define Simbolo Moneda.0 - Found output rowset [Define Simbolo Moneda.0 - Set V_MONEDA.0]
2021/12/06 17:43:38 - Define Simbolo Moneda.0 - Finished dispatching
2021/12/06 17:43:38 - INIT_VARIABLES -  Transformation has allocated a new step: [Define Simbolo Moneda].0
2021/12/06 17:43:38 - INIT_VARIABLES -  Transformation is about to allocate step [Set V_MONEDA] of type [SetVariable]
2021/12/06 17:43:38 - INIT_VARIABLES -   Step has nrcopies=1
2021/12/06 17:43:38 - Set V_MONEDA.0 - distribution activated
2021/12/06 17:43:38 - Set V_MONEDA.0 - Starting allocation of buffers & new threads...
2021/12/06 17:43:38 - Set V_MONEDA.0 - Step info: nrinput=1 nroutput=0
2021/12/06 17:43:38 - Set V_MONEDA.0 - Got previous step from [Set V_MONEDA] #0 --> Define Simbolo Moneda
2021/12/06 17:43:38 - Set V_MONEDA.0 - input rel is 1:1
2021/12/06 17:43:38 - Set V_MONEDA.0 - Found input rowset [Define Simbolo Moneda.0 - Set V_MONEDA.0]
2021/12/06 17:43:38 - Set V_MONEDA.0 - Finished dispatching
2021/12/06 17:43:38 - INIT_VARIABLES -  Transformation has allocated a new step: [Set V_MONEDA].0
2021/12/06 17:43:38 - INIT_VARIABLES - This transformation can be replayed with replay date: 2021/12/06 17:43:38
2021/12/06 17:43:38 - INIT_VARIABLES - Initialising 15 steps...
2021/12/06 17:43:38 - Define V_SUNNEL_JDBC_URL.0 - Running on slave server #0/1.
2021/12/06 17:43:38 - Set V_SUNNEL_URL.0 - Running on slave server #0/1.
2021/12/06 17:43:38 - Get P_PAIS.0 - Running on slave server #0/1.
2021/12/06 17:43:38 - Define V_SUNNEL_USER.0 - Running on slave server #0/1.
2021/12/06 17:43:38 - Set V_SUNNEL_USER.0 - Running on slave server #0/1.
2021/12/06 17:43:38 - Define V_SUNNEL_PASS.0 - Running on slave server #0/1.
2021/12/06 17:43:38 - Generate Global Parameter Rows.0 - Running on slave server #0/1.
2021/12/06 17:43:38 - Set V_SUNNEL_PASS.0 - Running on slave server #0/1.
2021/12/06 17:43:38 - Set Global Parameters.0 - Running on slave server #0/1.
2021/12/06 17:43:38 - Define V_SUNNEL_SCHEMA.0 - Running on slave server #0/1.
2021/12/06 17:43:38 - Set V_SUNNEL_SCHEMA.0 - Running on slave server #0/1.
2021/12/06 17:43:38 - Define Codigo Pais CREDINTER.0 - Running on slave server #0/1.
2021/12/06 17:43:38 - Set V_PAIS_CREDINTER.0 - Running on slave server #0/1.
2021/12/06 17:43:38 - Define Simbolo Moneda.0 - Running on slave server #0/1.
2021/12/06 17:43:38 - Set V_MONEDA.0 - Running on slave server #0/1.
2021/12/06 17:43:38 - INIT_VARIABLES - Step [Get P_PAIS.0] initialized flawlessly.
2021/12/06 17:43:38 - INIT_VARIABLES - Step [Define V_SUNNEL_JDBC_URL.0] initialized flawlessly.
2021/12/06 17:43:38 - INIT_VARIABLES - Step [Set V_SUNNEL_URL.0] initialized flawlessly.
2021/12/06 17:43:38 - INIT_VARIABLES - Step [Set V_SUNNEL_USER.0] initialized flawlessly.
2021/12/06 17:43:38 - INIT_VARIABLES - Step [Define V_SUNNEL_PASS.0] initialized flawlessly.
2021/12/06 17:43:38 - INIT_VARIABLES - Step [Set V_SUNNEL_PASS.0] initialized flawlessly.
2021/12/06 17:43:38 - INIT_VARIABLES - Step [Generate Global Parameter Rows.0] initialized flawlessly.
2021/12/06 17:43:38 - INIT_VARIABLES - Step [Set Global Parameters.0] initialized flawlessly.
2021/12/06 17:43:38 - INIT_VARIABLES - Step [Define V_SUNNEL_SCHEMA.0] initialized flawlessly.
2021/12/06 17:43:38 - INIT_VARIABLES - Step [Set V_SUNNEL_SCHEMA.0] initialized flawlessly.
2021/12/06 17:43:38 - INIT_VARIABLES - Step [Define Codigo Pais CREDINTER.0] initialized flawlessly.
2021/12/06 17:43:38 - INIT_VARIABLES - Step [Set V_PAIS_CREDINTER.0] initialized flawlessly.
2021/12/06 17:43:38 - INIT_VARIABLES - Step [Define Simbolo Moneda.0] initialized flawlessly.
2021/12/06 17:43:38 - INIT_VARIABLES - Step [Set V_MONEDA.0] initialized flawlessly.
2021/12/06 17:43:38 - Get P_PAIS.0 - Starting to run...
2021/12/06 17:43:38 - Define V_SUNNEL_JDBC_URL.0 - Starting to run...
2021/12/06 17:43:38 - Set V_SUNNEL_USER.0 - Starting to run...
2021/12/06 17:43:38 - Define V_SUNNEL_USER.0 - Starting to run...
2021/12/06 17:43:38 - INIT_VARIABLES - Transformation has allocated 15 threads and 13 rowsets.
2021/12/06 17:43:38 - Define V_SUNNEL_PASS.0 - Starting to run...
2021/12/06 17:43:38 - Set V_SUNNEL_URL.0 - Starting to run...
2021/12/06 17:43:38 - Set V_SUNNEL_PASS.0 - Starting to run...
2021/12/06 17:43:38 - Generate Global Parameter Rows.0 - Starting to run...
2021/12/06 17:43:38 - Get P_PAIS.0 - field [F_PAIS] has value [SV]
2021/12/06 17:43:38 - Generate Global Parameter Rows.0 - Signaling 'output done' to 1 output rowsets.
2021/12/06 17:43:38 - Generate Global Parameter Rows.0 - Finished processing (I=0, O=0, R=0, W=1, U=0, E=0)
2021/12/06 17:43:38 - Get P_PAIS.0 - Signaling 'output done' to 6 output rowsets.
2021/12/06 17:43:38 - Get P_PAIS.0 - Finished processing (I=0, O=0, R=1, W=6, U=0, E=0)
2021/12/06 17:43:38 - Set V_SUNNEL_USER.0 - Setting environment variables...
2021/12/06 17:43:38 - Set V_SUNNEL_USER.0 - Set variable V_SUNNEL_USER to value [${SUNNEL.CAMP.SV.SIMAC.USER}]
2021/12/06 17:43:38 - Define V_SUNNEL_SCHEMA.0 - Starting to run...
2021/12/06 17:43:38 - Set V_SUNNEL_PASS.0 - Setting environment variables...
2021/12/06 17:43:38 - Set Global Parameters.0 - Starting to run...
2021/12/06 17:43:38 - Set V_SUNNEL_PASS.0 - Set variable V_SUNNEL_PASS to value [${SUNNEL.CAMP.SV.SIMAC.PASS}]
2021/12/06 17:43:38 - Set V_SUNNEL_URL.0 - Setting environment variables...
2021/12/06 17:43:38 - Set V_SUNNEL_URL.0 - Set variable V_SUNNEL_JDBC_URL to value [${SUNNEL.CAMP.SV.JDBC.URL}]
2021/12/06 17:43:38 - Set V_SUNNEL_SCHEMA.0 - Starting to run...
2021/12/06 17:43:38 - Set V_SUNNEL_SCHEMA.0 - Setting environment variables...
2021/12/06 17:43:38 - Set V_SUNNEL_SCHEMA.0 - Set variable V_SUNNEL_SCHEMA to value [${SUNNEL.CAMP.SV.SCHEMA}]
2021/12/06 17:43:38 - Set Global Parameters.0 - Setting environment variables...
2021/12/06 17:43:38 - Define Codigo Pais CREDINTER.0 - Starting to run...
2021/12/06 17:43:38 - Set Global Parameters.0 - Set variable V_PENDING_DIR to value [/filemanager/CREDITS/CUSTOMER_NOTIF]
2021/12/06 17:43:38 - Set Global Parameters.0 - Set variable V_LOGS_DIR to value [/filemanager/CREDITS/CUSTOMER_NOTIF/LOGS]
2021/12/06 17:43:38 - Set Global Parameters.0 - Set variable V_SMTP_PASS to value [kwdXSolNtPMoFsBXKSgZDQ]
2021/12/06 17:43:38 - Set Global Parameters.0 - Set variable V_HTML_MSG to value [<html><head><meta http-equiv="Content-Type" content="text/html; charset=utf-8"/></head><body style=" font-family: Calibri;font-size: 16px; font-style: normal;"><p>Estimado(a) {NombreCliente}</p><p>Se le informa que su tarjeta <b>{Cadena} &nbsp; {texto_tipo_tarjeta}&nbsp;{Tarjeta}</b> ha realizado <b>{TipoTrx}</b> por {Monto} en <b>{Sucursal}</b>.</p><p>Cualquier consulta o informacin adicional, comunquese al telfono <b>{Contacto}</b>.</p></body></html>]
2021/12/06 17:43:38 - Set Global Parameters.0 - Set variable V_EMAIL_SENDER to value [no-reply@simaninternet.com]
2021/12/06 17:43:38 - Set Global Parameters.0 - Set variable V_NAME_SENDER to value [Notificaciones  {Cadena} ]
2021/12/06 17:43:38 - Define Simbolo Moneda.0 - Starting to run...
2021/12/06 17:43:38 - Set Global Parameters.0 - Set variable V_ASUNTO to value [notificacin de movimiento en su tarjeta  {Cadena} ]
2021/12/06 17:43:38 - Set Global Parameters.0 - Set variable V_MANDRILL_URL to value [${SUNNEL.CAMP.MANDRILL.URL}]
2021/12/06 17:43:38 - Set Global Parameters.0 - Set variable V_MANDRILL_KEY to value [${SUNNEL.CAMP.MANDRILL.KEY}]
2021/12/06 17:43:38 - Set V_PAIS_CREDINTER.0 - Starting to run...
2021/12/06 17:43:38 - Set V_PAIS_CREDINTER.0 - Setting environment variables...
2021/12/06 17:43:38 - Set V_PAIS_CREDINTER.0 - Set variable V_PAIS_CREDINTER to value [40000]
2021/12/06 17:43:38 - Set V_MONEDA.0 - Starting to run...
2021/12/06 17:43:38 - Set V_MONEDA.0 - Setting environment variables...
2021/12/06 17:43:38 - Set V_MONEDA.0 - Set variable V_MONEDA to value [USD <b>\$</b>]
2021/12/06 17:43:38 - Define V_SUNNEL_PASS.0 - Signaling 'output done' to 1 output rowsets.
2021/12/06 17:43:38 - Define V_SUNNEL_PASS.0 - Finished processing (I=0, O=0, R=1, W=1, U=0, E=0)
2021/12/06 17:43:38 - Define V_SUNNEL_SCHEMA.0 - Signaling 'output done' to 1 output rowsets.
2021/12/06 17:43:38 - Define Codigo Pais CREDINTER.0 - Signaling 'output done' to 1 output rowsets.
2021/12/06 17:43:38 - Define V_SUNNEL_SCHEMA.0 - Finished processing (I=0, O=0, R=1, W=1, U=0, E=0)
2021/12/06 17:43:38 - Define Codigo Pais CREDINTER.0 - Finished processing (I=0, O=0, R=1, W=1, U=0, E=0)
2021/12/06 17:43:38 - Define Simbolo Moneda.0 - Signaling 'output done' to 1 output rowsets.
2021/12/06 17:43:38 - Define Simbolo Moneda.0 - Finished processing (I=0, O=0, R=1, W=1, U=0, E=0)
2021/12/06 17:43:38 - Define V_SUNNEL_USER.0 - Signaling 'output done' to 1 output rowsets.
2021/12/06 17:43:38 - Define V_SUNNEL_USER.0 - Finished processing (I=0, O=0, R=1, W=1, U=0, E=0)
2021/12/06 17:43:38 - Set Global Parameters.0 - Finished after 1 rows.
2021/12/06 17:43:38 - Set Global Parameters.0 - Signaling 'output done' to 0 output rowsets.
2021/12/06 17:43:38 - Set Global Parameters.0 - Finished processing (I=0, O=0, R=1, W=1, U=0, E=0)
2021/12/06 17:43:38 - Define V_SUNNEL_JDBC_URL.0 - Signaling 'output done' to 1 output rowsets.
2021/12/06 17:43:38 - Define V_SUNNEL_JDBC_URL.0 - Finished processing (I=0, O=0, R=1, W=1, U=0, E=0)
2021/12/06 17:43:38 - Set V_PAIS_CREDINTER.0 - Finished after 1 rows.
2021/12/06 17:43:38 - Set V_PAIS_CREDINTER.0 - Signaling 'output done' to 0 output rowsets.
2021/12/06 17:43:38 - Set V_PAIS_CREDINTER.0 - Finished processing (I=0, O=0, R=1, W=1, U=0, E=0)
2021/12/06 17:43:38 - Set V_MONEDA.0 - Finished after 1 rows.
2021/12/06 17:43:38 - Set V_MONEDA.0 - Signaling 'output done' to 0 output rowsets.
2021/12/06 17:43:38 - Set V_MONEDA.0 - Finished processing (I=0, O=0, R=1, W=1, U=0, E=0)
2021/12/06 17:43:38 - Set V_SUNNEL_PASS.0 - Finished after 1 rows.
2021/12/06 17:43:38 - Set V_SUNNEL_PASS.0 - Signaling 'output done' to 0 output rowsets.
2021/12/06 17:43:38 - Set V_SUNNEL_PASS.0 - Finished processing (I=0, O=0, R=1, W=1, U=0, E=0)
2021/12/06 17:43:38 - Set V_SUNNEL_USER.0 - Finished after 1 rows.
2021/12/06 17:43:38 - Set V_SUNNEL_USER.0 - Signaling 'output done' to 0 output rowsets.
2021/12/06 17:43:38 - Set V_SUNNEL_USER.0 - Finished processing (I=0, O=0, R=1, W=1, U=0, E=0)
2021/12/06 17:43:38 - Set V_SUNNEL_SCHEMA.0 - Finished after 1 rows.
2021/12/06 17:43:38 - Set V_SUNNEL_SCHEMA.0 - Signaling 'output done' to 0 output rowsets.
2021/12/06 17:43:38 - Set V_SUNNEL_SCHEMA.0 - Finished processing (I=0, O=0, R=1, W=1, U=0, E=0)
2021/12/06 17:43:38 - INIT_VARIABLES - Step [Define V_SUNNEL_USER.0] initialized flawlessly.
2021/12/06 17:43:38 - INIT_VARIABLES - Step [Set V_SUNNEL_USER.0] initialized flawlessly.
2021/12/06 17:43:38 - INIT_VARIABLES - Step [Define V_SUNNEL_PASS.0] initialized flawlessly.
2021/12/06 17:43:38 - INIT_VARIABLES - Step [Set V_SUNNEL_PASS.0] initialized flawlessly.
2021/12/06 17:43:38 - INIT_VARIABLES - Step [Generate Global Parameter Rows.0] initialized flawlessly.
2021/12/06 17:43:38 - INIT_VARIABLES - Step [Set Global Parameters.0] initialized flawlessly.
2021/12/06 17:43:38 - INIT_VARIABLES - Step [Define V_SUNNEL_SCHEMA.0] initialized flawlessly.
2021/12/06 17:43:38 - INIT_VARIABLES - Step [Set V_SUNNEL_SCHEMA.0] initialized flawlessly.
2021/12/06 17:43:38 - INIT_VARIABLES - Step [Define Codigo Pais CREDINTER.0] initialized flawlessly.
2021/12/06 17:43:38 - INIT_VARIABLES - Step [Set V_PAIS_CREDINTER.0] initialized flawlessly.
2021/12/06 17:43:38 - INIT_VARIABLES - Step [Define Simbolo Moneda.0] initialized flawlessly.
2021/12/06 17:43:38 - INIT_VARIABLES - Step [Set V_MONEDA.0] initialized flawlessly.
2021/12/06 17:43:38 - Get P_PAIS.0 - Starting to run...
2021/12/06 17:43:38 - Define V_SUNNEL_JDBC_URL.0 - Starting to run...
2021/12/06 17:43:38 - Set V_SUNNEL_USER.0 - Starting to run...
2021/12/06 17:43:38 - Define V_SUNNEL_USER.0 - Starting to run...
2021/12/06 17:43:38 - INIT_VARIABLES - Transformation has allocated 15 threads and 13 rowsets.
2021/12/06 17:43:38 - Define V_SUNNEL_PASS.0 - Starting to run...
2021/12/06 17:43:38 - Set V_SUNNEL_URL.0 - Starting to run...
2021/12/06 17:43:38 - Set V_SUNNEL_PASS.0 - Starting to run...
2021/12/06 17:43:38 - Generate Global Parameter Rows.0 - Starting to run...
2021/12/06 17:43:38 - Get P_PAIS.0 - field [F_PAIS] has value [SV]
2021/12/06 17:43:38 - Generate Global Parameter Rows.0 - Signaling 'output done' to 1 output rowsets.
2021/12/06 17:43:38 - Generate Global Parameter Rows.0 - Finished processing (I=0, O=0, R=0, W=1, U=0, E=0)
2021/12/06 17:43:38 - Get P_PAIS.0 - Signaling 'output done' to 6 output rowsets.
2021/12/06 17:43:38 - Get P_PAIS.0 - Finished processing (I=0, O=0, R=1, W=6, U=0, E=0)
2021/12/06 17:43:38 - Set V_SUNNEL_USER.0 - Setting environment variables...
2021/12/06 17:43:38 - Set V_SUNNEL_USER.0 - Set variable V_SUNNEL_USER to value [${SUNNEL.CAMP.SV.SIMAC.USER}]
2021/12/06 17:43:38 - Define V_SUNNEL_SCHEMA.0 - Starting to run...
2021/12/06 17:43:38 - Set V_SUNNEL_PASS.0 - Setting environment variables...
2021/12/06 17:43:38 - Set Global Parameters.0 - Starting to run...
2021/12/06 17:43:38 - Set V_SUNNEL_PASS.0 - Set variable V_SUNNEL_PASS to value [${SUNNEL.CAMP.SV.SIMAC.PASS}]
2021/12/06 17:43:38 - Set V_SUNNEL_URL.0 - Setting environment variables...
2021/12/06 17:43:38 - Set V_SUNNEL_URL.0 - Set variable V_SUNNEL_JDBC_URL to value [${SUNNEL.CAMP.SV.JDBC.URL}]
2021/12/06 17:43:38 - Set V_SUNNEL_SCHEMA.0 - Starting to run...
2021/12/06 17:43:38 - Set V_SUNNEL_SCHEMA.0 - Setting environment variables...
2021/12/06 17:43:38 - Set V_SUNNEL_SCHEMA.0 - Set variable V_SUNNEL_SCHEMA to value [${SUNNEL.CAMP.SV.SCHEMA}]
2021/12/06 17:43:38 - Set Global Parameters.0 - Setting environment variables...
2021/12/06 17:43:38 - Define Codigo Pais CREDINTER.0 - Starting to run...
2021/12/06 17:43:38 - Set Global Parameters.0 - Set variable V_PENDING_DIR to value [/filemanager/CREDITS/CUSTOMER_NOTIF]
2021/12/06 17:43:38 - Set Global Parameters.0 - Set variable V_LOGS_DIR to value [/filemanager/CREDITS/CUSTOMER_NOTIF/LOGS]
2021/12/06 17:43:38 - Set Global Parameters.0 - Set variable V_SMTP_PASS to value [kwdXSolNtPMoFsBXKSgZDQ]
2021/12/06 17:43:38 - Set Global Parameters.0 - Set variable V_HTML_MSG to value [<html><head><meta http-equiv="Content-Type" content="text/html; charset=utf-8"/></head><body style=" font-family: Calibri;font-size: 16px; font-style: normal;"><p>Estimado(a) {NombreCliente}</p><p>Se le informa que su tarjeta <b>{Cadena} &nbsp; {texto_tipo_tarjeta}&nbsp;{Tarjeta}</b> ha realizado <b>{TipoTrx}</b> por {Monto} en <b>{Sucursal}</b>.</p><p>Cualquier consulta o informacin adicional, comunquese al telfono <b>{Contacto}</b>.</p></body></html>]
2021/12/06 17:43:38 - Set Global Parameters.0 - Set variable V_EMAIL_SENDER to value [no-reply@simaninternet.com]
2021/12/06 17:43:38 - Set Global Parameters.0 - Set variable V_NAME_SENDER to value [Notificaciones  {Cadena} ]
2021/12/06 17:43:38 - Define Simbolo Moneda.0 - Starting to run...
2021/12/06 17:43:38 - Set Global Parameters.0 - Set variable V_ASUNTO to value [notificacin de movimiento en su tarjeta  {Cadena} ]
2021/12/06 17:43:38 - Set Global Parameters.0 - Set variable V_MANDRILL_URL to value [${SUNNEL.CAMP.MANDRILL.URL}]
2021/12/06 17:43:38 - Set Global Parameters.0 - Set variable V_MANDRILL_KEY to value [${SUNNEL.CAMP.MANDRILL.KEY}]
2021/12/06 17:43:38 - Set V_PAIS_CREDINTER.0 - Starting to run...
2021/12/06 17:43:38 - Set V_PAIS_CREDINTER.0 - Setting environment variables...
2021/12/06 17:43:38 - Set V_PAIS_CREDINTER.0 - Set variable V_PAIS_CREDINTER to value [40000]
2021/12/06 17:43:38 - Set V_MONEDA.0 - Starting to run...
2021/12/06 17:43:38 - Set V_MONEDA.0 - Setting environment variables...
2021/12/06 17:43:38 - Set V_MONEDA.0 - Set variable V_MONEDA to value [USD <b>\$</b>]
2021/12/06 17:43:38 - Define V_SUNNEL_PASS.0 - Signaling 'output done' to 1 output rowsets.
2021/12/06 17:43:38 - Define V_SUNNEL_PASS.0 - Finished processing (I=0, O=0, R=1, W=1, U=0, E=0)
2021/12/06 17:43:38 - Define V_SUNNEL_SCHEMA.0 - Signaling 'output done' to 1 output rowsets.
2021/12/06 17:43:38 - Define Codigo Pais CREDINTER.0 - Signaling 'output done' to 1 output rowsets.
2021/12/06 17:43:38 - Define V_SUNNEL_SCHEMA.0 - Finished processing (I=0, O=0, R=1, W=1, U=0, E=0)
2021/12/06 17:43:38 - Define Codigo Pais CREDINTER.0 - Finished processing (I=0, O=0, R=1, W=1, U=0, E=0)
2021/12/06 17:43:38 - Define Simbolo Moneda.0 - Signaling 'output done' to 1 output rowsets.
2021/12/06 17:43:38 - Define Simbolo Moneda.0 - Finished processing (I=0, O=0, R=1, W=1, U=0, E=0)
2021/12/06 17:43:38 - Define V_SUNNEL_USER.0 - Signaling 'output done' to 1 output rowsets.
2021/12/06 17:43:38 - Define V_SUNNEL_USER.0 - Finished processing (I=0, O=0, R=1, W=1, U=0, E=0)
2021/12/06 17:43:38 - Set Global Parameters.0 - Finished after 1 rows.
2021/12/06 17:43:38 - Set Global Parameters.0 - Signaling 'output done' to 0 output rowsets.
2021/12/06 17:43:38 - Set Global Parameters.0 - Finished processing (I=0, O=0, R=1, W=1, U=0, E=0)
2021/12/06 17:43:38 - Define V_SUNNEL_JDBC_URL.0 - Signaling 'output done' to 1 output rowsets.
2021/12/06 17:43:38 - Define V_SUNNEL_JDBC_URL.0 - Finished processing (I=0, O=0, R=1, W=1, U=0, E=0)
2021/12/06 17:43:38 - Set V_PAIS_CREDINTER.0 - Finished after 1 rows.
2021/12/06 17:43:38 - Set V_PAIS_CREDINTER.0 - Signaling 'output done' to 0 output rowsets.
2021/12/06 17:43:38 - Set V_PAIS_CREDINTER.0 - Finished processing (I=0, O=0, R=1, W=1, U=0, E=0)
2021/12/06 17:43:38 - Set V_MONEDA.0 - Finished after 1 rows.
2021/12/06 17:43:38 - Set V_MONEDA.0 - Signaling 'output done' to 0 output rowsets.
2021/12/06 17:43:38 - Set V_MONEDA.0 - Finished processing (I=0, O=0, R=1, W=1, U=0, E=0)
2021/12/06 17:43:38 - Set V_SUNNEL_PASS.0 - Finished after 1 rows.
2021/12/06 17:43:38 - Set V_SUNNEL_PASS.0 - Signaling 'output done' to 0 output rowsets.
2021/12/06 17:43:38 - Set V_SUNNEL_PASS.0 - Finished processing (I=0, O=0, R=1, W=1, U=0, E=0)
2021/12/06 17:43:38 - Set V_SUNNEL_USER.0 - Finished after 1 rows.
2021/12/06 17:43:38 - Set V_SUNNEL_USER.0 - Signaling 'output done' to 0 output rowsets.
2021/12/06 17:43:38 - Set V_SUNNEL_USER.0 - Finished processing (I=0, O=0, R=1, W=1, U=0, E=0)
2021/12/06 17:43:38 - Set V_SUNNEL_SCHEMA.0 - Finished after 1 rows.
2021/12/06 17:43:38 - Set V_SUNNEL_SCHEMA.0 - Signaling 'output done' to 0 output rowsets.
2021/12/06 17:43:38 - Set V_SUNNEL_SCHEMA.0 - Finished processing (I=0, O=0, R=1, W=1, U=0, E=0)
2021/12/06 17:43:38 - Set V_SUNNEL_URL.0 - Finished after 1 rows.
2021/12/06 17:43:38 - Set V_SUNNEL_URL.0 - Signaling 'output done' to 0 output rowsets.
2021/12/06 17:43:38 - Set V_SUNNEL_URL.0 - Finished after 1 rows.
2021/12/06 17:43:38 - Set V_SUNNEL_URL.0 - Signaling 'output done' to 0 output rowsets.
2021/12/06 17:43:38 - Set V_SUNNEL_URL.0 - Finished processing (I=0, O=0, R=1, W=1, U=0, E=0)
2021/12/06 17:43:38 - CAMP_AUTOMATICAS_MAIN - Starting entry [SEND_MAIL]
2021/12/06 17:43:38 - CAMP_AUTOMATICAS_MAIN - exec(3, 0, SEND_MAIL.0)
2021/12/06 17:43:38 - SEND_MAIL - Starting job entry
2021/12/06 17:43:38 - SEND_MAIL - Opening transformation: [file:///filemanager/BIN/CREDITS/CAMP_AUTOMATICAS/send_mail.ktr]
2021/12/06 17:43:38 - SEND_MAIL - Loading transformation from XML file [file:///filemanager/BIN/CREDITS/CAMP_AUTOMATICAS/send_mail.ktr]
2021/12/06 17:43:38 - SEND_MAIL - Starting transformation...(file=${Internal.Job.Filename.Directory}/send_mail.ktr, name=SEND_MAIL, repinfo=null)
2021/12/06 17:43:38 - send_mail - Transformation is pre-loaded.
2021/12/06 17:43:38 - send_mail - nr of steps to run : 5  , nr of hops : 3
2021/12/06 17:43:38 - send_mail - Dispatching started for transformation [send_mail]
2021/12/06 17:43:38 - send_mail - Nr of arguments detected:0 
2021/12/06 17:43:38 - send_mail - This is not a replay transformation
2021/12/06 17:43:38 - send_mail - I found 5 different steps to launch.
2021/12/06 17:43:38 - send_mail - Allocating rowsets...
2021/12/06 17:43:38 - send_mail -  Allocating rowsets for step 0 --> [PREMORA] REST Client
2021/12/06 17:43:38 - send_mail -   prevcopies = 1, nextcopies=1
2021/12/06 17:43:38 - send_mail - Transformation allocated new rowset [[PREMORA] REST Client.0 - Text file output.0]
2021/12/06 17:43:38 - send_mail -  Allocated 1 rowsets for step 0 --> [PREMORA] REST Client  
2021/12/06 17:43:38 - send_mail -  Allocating rowsets for step 1 --> Text file output
2021/12/06 17:43:38 - send_mail -  Allocated 1 rowsets for step 1 --> Text file output  
2021/12/06 17:43:38 - send_mail -  Allocating rowsets for step 2 --> Java Code - Json Request String
2021/12/06 17:43:38 - send_mail -   prevcopies = 1, nextcopies=1
2021/12/06 17:43:38 - send_mail - Transformation allocated new rowset [Java Code - Json Request String.0 - [PREMORA] REST Client.0]
2021/12/06 17:43:38 - send_mail -  Allocated 2 rowsets for step 2 --> Java Code - Json Request String  
2021/12/06 17:43:38 - send_mail -  Allocating rowsets for step 3 --> Table input
2021/12/06 17:43:38 - send_mail -   prevcopies = 1, nextcopies=1
2021/12/06 17:43:38 - send_mail - Transformation allocated new rowset [Table input.0 - Java Code - Json Request String.0]
2021/12/06 17:43:38 - send_mail -  Allocated 3 rowsets for step 3 --> Table input  
2021/12/06 17:43:38 - send_mail -  Allocating rowsets for step 4 --> Generate Rows
2021/12/06 17:43:38 - send_mail -  Allocated 3 rowsets for step 4 --> Generate Rows  
2021/12/06 17:43:38 - send_mail - Allocating Steps & StepData...
2021/12/06 17:43:38 - send_mail -  Transformation is about to allocate step [[PREMORA] REST Client] of type [Rest]
2021/12/06 17:43:38 - send_mail -   Step has nrcopies=1
2021/12/06 17:43:38 - [PREMORA] REST Client.0 - distribution de-activated
2021/12/06 17:43:38 - [PREMORA] REST Client.0 - Starting allocation of buffers & new threads...
2021/12/06 17:43:38 - [PREMORA] REST Client.0 - Step info: nrinput=1 nroutput=1
2021/12/06 17:43:38 - [PREMORA] REST Client.0 - Got previous step from [[PREMORA] REST Client] #0 --> Java Code - Json Request String
2021/12/06 17:43:38 - [PREMORA] REST Client.0 - input rel is 1:1
2021/12/06 17:43:38 - [PREMORA] REST Client.0 - Found input rowset [Java Code - Json Request String.0 - [PREMORA] REST Client.0]
2021/12/06 17:43:38 - [PREMORA] REST Client.0 - output rel. is  1:1
2021/12/06 17:43:38 - [PREMORA] REST Client.0 - Found output rowset [[PREMORA] REST Client.0 - Text file output.0]
2021/12/06 17:43:38 - [PREMORA] REST Client.0 - Finished dispatching
2021/12/06 17:43:38 - send_mail -  Transformation has allocated a new step: [[PREMORA] REST Client].0
2021/12/06 17:43:38 - send_mail -  Transformation is about to allocate step [Text file output] of type [TextFileOutput]
2021/12/06 17:43:38 - send_mail -   Step has nrcopies=1
2021/12/06 17:43:38 - Text file output.0 - distribution activated
2021/12/06 17:43:38 - Text file output.0 - Starting allocation of buffers & new threads...
2021/12/06 17:43:38 - Text file output.0 - Step info: nrinput=1 nroutput=0
2021/12/06 17:43:38 - Text file output.0 - Got previous step from [Text file output] #0 --> [PREMORA] REST Client
2021/12/06 17:43:38 - Text file output.0 - input rel is 1:1
2021/12/06 17:43:38 - Text file output.0 - Found input rowset [[PREMORA] REST Client.0 - Text file output.0]
2021/12/06 17:43:38 - Text file output.0 - Finished dispatching
2021/12/06 17:43:38 - send_mail -  Transformation has allocated a new step: [Text file output].0
2021/12/06 17:43:38 - send_mail -  Transformation is about to allocate step [Java Code - Json Request String] of type [UserDefinedJavaClass]
2021/12/06 17:43:38 - send_mail -   Step has nrcopies=1
2021/12/06 17:43:38 - Java Code - Json Request String.0 - distribution activated
2021/12/06 17:43:38 - Java Code - Json Request String.0 - Starting allocation of buffers & new threads...
2021/12/06 17:43:38 - Java Code - Json Request String.0 - Step info: nrinput=1 nroutput=1
2021/12/06 17:43:38 - Java Code - Json Request String.0 - Got previous step from [Java Code - Json Request String] #0 --> Table input
2021/12/06 17:43:38 - Java Code - Json Request String.0 - input rel is 1:1
2021/12/06 17:43:38 - Java Code - Json Request String.0 - Found input rowset [Table input.0 - Java Code - Json Request String.0]
2021/12/06 17:43:38 - Java Code - Json Request String.0 - output rel. is  1:1
2021/12/06 17:43:38 - Java Code - Json Request String.0 - Found output rowset [Java Code - Json Request String.0 - [PREMORA] REST Client.0]
2021/12/06 17:43:38 - Java Code - Json Request String.0 - Finished dispatching
org.pentaho.di.core.exception.KettleStepException: 
Unable to get queryfields for SQL: 
select a.process_id,
a.notification_id CORREL_NOTIF, 
a.id_campaing, 
a.customer_name NOMBRE_CLIENTE, 
--a.remit_to 
'daniel.rodriguezrivera@gmail.com' CORREOELECTRONICO, 
a.ticket_num, 
a.product_name, 
a.status, 
a.stage,
 a.process_status,
 a.creation_date, 
 --b.sender_name 
 'SIMAN' NAME_SENDER, 
 --b.sender_email 
 'no-reply@simaninternet.com' DIR_SENDER, 
 b.subject ASUNTO, 
 b.mandrill_tag MANDRILL_TAG, 
 replace(	
	replace(
 		replace(c.email, '{CUSTOMER_NAME}', a.customer_name),
    '{TICKET_NUM}', a.ticket_num),
	'{PRODUCT_NAME}', a.product_name) PLANTILLA_HTML,
 'kwdXSolNtPMoFsBXKSgZDQ' MANDRILL_API_KEY


 from als_seguimiento_stg a, ALS_SEGUIMIENTO_CAMPAING_VW b, als_campaing_email c
where a.id_campaing = b.id_campaing
and c.id_campaing = a.id_campaing
and c.id_setup = a.id_setup
and a.process_status = 'P'



Couldn't get field info from [select a.process_id,
a.notification_id CORREL_NOTIF, 
a.id_campaing, 
a.customer_name NOMBRE_CLIENTE, 
--a.remit_to 
'daniel.rodriguezrivera@gmail.com' CORREOELECTRONICO, 
a.ticket_num, 
a.product_name, 
a.status, 
a.stage,
 a.process_status,
 a.creation_date, 
 --b.sender_name 
 'SIMAN' NAME_SENDER, 
 --b.sender_email 
 'no-reply@simaninternet.com' DIR_SENDER, 
 b.subject ASUNTO, 
 b.mandrill_tag MANDRILL_TAG, 
 replace(	
	replace(
 		replace(c.email, '{CUSTOMER_NAME}', a.customer_name),
    '{TICKET_NUM}', a.ticket_num),
	'{PRODUCT_NAME}', a.product_name) PLANTILLA_HTML,
 'kwdXSolNtPMoFsBXKSgZDQ' MANDRILL_API_KEY


 from als_seguimiento_stg a, ALS_SEGUIMIENTO_CAMPAING_VW b, als_campaing_email c
where a.id_campaing = b.id_campaing
and c.id_campaing = a.id_campaing
and c.id_setup = a.id_setup
and a.process_status = 'P'

]

ORA-00942: table or view does not exist



	at org.pentaho.di.trans.steps.tableinput.TableInputMeta.getFields(TableInputMeta.java:257)
	at org.pentaho.di.trans.TransMeta.getThisStepFields(TransMeta.java:2200)
	at org.pentaho.di.trans.TransMeta.getStepFields(TransMeta.java:2049)
	at org.pentaho.di.trans.TransMeta.getPrevStepFields(TransMeta.java:2113)
	at org.pentaho.di.trans.TransMeta.getPrevStepFields(TransMeta.java:2079)
	at org.pentaho.di.trans.steps.userdefinedjavaclass.TransformClassBase.<init>(TransformClassBase.java:76)
	at Processor.<init>(Processor.java:96)
	at sun.reflect.NativeConstructorAccessorImpl.newInstance0(Native Method)
	at sun.reflect.NativeConstructorAccessorImpl.newInstance(NativeConstructorAccessorImpl.java:83)
	at sun.reflect.DelegatingConstructorAccessorImpl.newInstance(DelegatingConstructorAccessorImpl.java:57)
	at java.lang.reflect.Constructor.newInstance(Constructor.java:437)
	at org.pentaho.di.trans.steps.userdefinedjavaclass.UserDefinedJavaClassMeta.newChildInstance(UserDefinedJavaClassMeta.java:192)
	at org.pentaho.di.trans.steps.userdefinedjavaclass.UserDefinedJavaClass.<init>(UserDefinedJavaClass.java:64)
	at org.pentaho.di.trans.steps.userdefinedjavaclass.UserDefinedJavaClassMeta.getStep(UserDefinedJavaClassMeta.java:641)
	at org.pentaho.di.trans.Trans.prepareExecution(Trans.java:834)
	at org.pentaho.di.trans.Trans.execute(Trans.java:578)
	at org.pentaho.di.job.entries.trans.JobEntryTrans.execute(JobEntryTrans.java:1037)
	at org.pentaho.di.job.Job.execute(Job.java:678)
	at org.pentaho.di.job.Job.execute(Job.java:815)
	at org.pentaho.di.job.Job.execute(Job.java:815)
	at org.pentaho.di.job.Job.execute(Job.java:815)
	at org.pentaho.di.job.Job.execute(Job.java:500)
	at org.pentaho.di.job.Job.run(Job.java:407)
Caused by: org.pentaho.di.core.exception.KettleDatabaseException: 
Couldn't get field info from [select a.process_id,
a.notification_id CORREL_NOTIF, 
a.id_campaing, 
a.customer_name NOMBRE_CLIENTE, 
--a.remit_to 
'daniel.rodriguezrivera@gmail.com' CORREOELECTRONICO, 
a.ticket_num, 
a.product_name, 
a.status, 
a.stage,
 a.process_status,
 a.creation_date, 
 --b.sender_name 
 'SIMAN' NAME_SENDER, 
 --b.sender_email 
 'no-reply@simaninternet.com' DIR_SENDER, 
 b.subject ASUNTO, 
 b.mandrill_tag MANDRILL_TAG, 
 replace(	
	replace(
 		replace(c.email, '{CUSTOMER_NAME}', a.customer_name),
    '{TICKET_NUM}', a.ticket_num),
	'{PRODUCT_NAME}', a.product_name) PLANTILLA_HTML,
 'kwdXSolNtPMoFsBXKSgZDQ' MANDRILL_API_KEY


 from als_seguimiento_stg a, ALS_SEGUIMIENTO_CAMPAING_VW b, als_campaing_email c
where a.id_campaing = b.id_campaing
and c.id_campaing = a.id_campaing
and c.id_setup = a.id_setup
and a.process_status = 'P'

]

ORA-00942: table or view does not exist


	at org.pentaho.di.core.database.Database.getQueryFieldsFallback(Database.java:2088)
	at org.pentaho.di.core.database.Database.getQueryFields(Database.java:2029)
	at org.pentaho.di.trans.steps.tableinput.TableInputMeta.getFields(TableInputMeta.java:245)
	... 22 more
Caused by: java.sql.SQLSyntaxErrorException: ORA-00942: table or view does not exist

	at oracle.jdbc.driver.T4CTTIoer.processError(T4CTTIoer.java:445)
	at oracle.jdbc.driver.T4CTTIoer.processError(T4CTTIoer.java:396)
	at oracle.jdbc.driver.T4C8Oall.processError(T4C8Oall.java:879)
	at oracle.jdbc.driver.T4CTTIfun.receive(T4CTTIfun.java:450)
	at oracle.jdbc.driver.T4CTTIfun.doRPC(T4CTTIfun.java:192)
	at oracle.jdbc.driver.T4C8Oall.doOALL(T4C8Oall.java:531)
	at oracle.jdbc.driver.T4CPreparedStatement.doOall8(T4CPreparedStatement.java:207)
	at oracle.jdbc.driver.T4CPreparedStatement.executeForDescribe(T4CPreparedStatement.java:884)
	at oracle.jdbc.driver.OracleStatement.executeMaybeDescribe(OracleStatement.java:1167)
	at oracle.jdbc.driver.OracleStatement.doExecuteWithTimeout(OracleStatement.java:1289)
	at oracle.jdbc.driver.OraclePreparedStatement.executeInternal(OraclePreparedStatement.java:3584)
	at oracle.jdbc.driver.OraclePreparedStatement.executeQuery(OraclePreparedStatement.java:3628)
	at oracle.jdbc.driver.OraclePreparedStatementWrapper.executeQuery(OraclePreparedStatementWrapper.java:1493)
	at org.pentaho.di.core.database.Database.getQueryFieldsFallback(Database.java:2082)
	... 24 more
2021/12/06 17:43:41 - Java Code - Json Request String.0 - ERROR (version 5.0.1-stable, build 1 from 2013-11-15_16-08-58 by buildguy) : Error initializing UserDefinedJavaClass:
2021/12/06 17:43:41 - Java Code - Json Request String.0 - ERROR (version 5.0.1-stable, build 1 from 2013-11-15_16-08-58 by buildguy) : org.pentaho.di.core.exception.KettleException: 
2021/12/06 17:43:41 - Java Code - Json Request String.0 - null
2021/12/06 17:43:41 - send_mail -  Transformation has allocated a new step: [Java Code - Json Request String].0
2021/12/06 17:43:41 - send_mail -  Transformation is about to allocate step [Table input] of type [TableInput]
2021/12/06 17:43:41 - send_mail -   Step has nrcopies=1
2021/12/06 17:43:41 - Table input.0 - distribution activated
2021/12/06 17:43:41 - Table input.0 - Starting allocation of buffers & new threads...
2021/12/06 17:43:41 - Table input.0 - Step info: nrinput=0 nroutput=1
2021/12/06 17:43:41 - Table input.0 - output rel. is  1:1
2021/12/06 17:43:41 - Table input.0 - Found output rowset [Table input.0 - Java Code - Json Request String.0]
2021/12/06 17:43:41 - Table input.0 - Finished dispatching
2021/12/06 17:43:41 - send_mail -  Transformation has allocated a new step: [Table input].0
2021/12/06 17:43:41 - send_mail -  Transformation is about to allocate step [Generate Rows] of type [RowGenerator]
2021/12/06 17:43:41 - send_mail -   Step has nrcopies=1
2021/12/06 17:43:41 - Generate Rows.0 - distribution activated
2021/12/06 17:43:41 - Generate Rows.0 - Starting allocation of buffers & new threads...
2021/12/06 17:43:41 - Generate Rows.0 - Step info: nrinput=0 nroutput=0
2021/12/06 17:43:41 - Generate Rows.0 - Finished dispatching
2021/12/06 17:43:41 - send_mail -  Transformation has allocated a new step: [Generate Rows].0
2021/12/06 17:43:41 - send_mail - This transformation can be replayed with replay date: 2021/12/06 17:43:41
2021/12/06 17:43:41 - send_mail - Initialising 5 steps...
2021/12/06 17:43:41 - [PREMORA] REST Client.0 - Running on slave server #0/1.
2021/12/06 17:43:41 - Text file output.0 - Running on slave server #0/1.
2021/12/06 17:43:38 - Set V_SUNNEL_URL.0 - Finished processing (I=0, O=0, R=1, W=1, U=0, E=0)
2021/12/06 17:43:38 - CAMP_AUTOMATICAS_MAIN - Starting entry [SEND_MAIL]
2021/12/06 17:43:38 - CAMP_AUTOMATICAS_MAIN - exec(3, 0, SEND_MAIL.0)
2021/12/06 17:43:38 - SEND_MAIL - Starting job entry
2021/12/06 17:43:38 - SEND_MAIL - Opening transformation: [file:///filemanager/BIN/CREDITS/CAMP_AUTOMATICAS/send_mail.ktr]
2021/12/06 17:43:38 - SEND_MAIL - Loading transformation from XML file [file:///filemanager/BIN/CREDITS/CAMP_AUTOMATICAS/send_mail.ktr]
2021/12/06 17:43:38 - SEND_MAIL - Starting transformation...(file=${Internal.Job.Filename.Directory}/send_mail.ktr, name=SEND_MAIL, repinfo=null)
2021/12/06 17:43:38 - send_mail - Transformation is pre-loaded.
2021/12/06 17:43:38 - send_mail - nr of steps to run : 5  , nr of hops : 3
2021/12/06 17:43:38 - send_mail - Dispatching started for transformation [send_mail]
2021/12/06 17:43:38 - send_mail - Nr of arguments detected:0 
2021/12/06 17:43:38 - send_mail - This is not a replay transformation
2021/12/06 17:43:38 - send_mail - I found 5 different steps to launch.
2021/12/06 17:43:38 - send_mail - Allocating rowsets...
2021/12/06 17:43:38 - send_mail -  Allocating rowsets for step 0 --> [PREMORA] REST Client
2021/12/06 17:43:38 - send_mail -   prevcopies = 1, nextcopies=1
2021/12/06 17:43:38 - send_mail - Transformation allocated new rowset [[PREMORA] REST Client.0 - Text file output.0]
2021/12/06 17:43:38 - send_mail -  Allocated 1 rowsets for step 0 --> [PREMORA] REST Client  
2021/12/06 17:43:38 - send_mail -  Allocating rowsets for step 1 --> Text file output
2021/12/06 17:43:38 - send_mail -  Allocated 1 rowsets for step 1 --> Text file output  
2021/12/06 17:43:38 - send_mail -  Allocating rowsets for step 2 --> Java Code - Json Request String
2021/12/06 17:43:38 - send_mail -   prevcopies = 1, nextcopies=1
2021/12/06 17:43:38 - send_mail - Transformation allocated new rowset [Java Code - Json Request String.0 - [PREMORA] REST Client.0]
2021/12/06 17:43:38 - send_mail -  Allocated 2 rowsets for step 2 --> Java Code - Json Request String  
2021/12/06 17:43:38 - send_mail -  Allocating rowsets for step 3 --> Table input
2021/12/06 17:43:38 - send_mail -   prevcopies = 1, nextcopies=1
2021/12/06 17:43:38 - send_mail - Transformation allocated new rowset [Table input.0 - Java Code - Json Request String.0]
2021/12/06 17:43:38 - send_mail -  Allocated 3 rowsets for step 3 --> Table input  
2021/12/06 17:43:38 - send_mail -  Allocating rowsets for step 4 --> Generate Rows
2021/12/06 17:43:38 - send_mail -  Allocated 3 rowsets for step 4 --> Generate Rows  
2021/12/06 17:43:38 - send_mail - Allocating Steps & StepData...
2021/12/06 17:43:38 - send_mail -  Transformation is about to allocate step [[PREMORA] REST Client] of type [Rest]
2021/12/06 17:43:38 - send_mail -   Step has nrcopies=1
2021/12/06 17:43:38 - [PREMORA] REST Client.0 - distribution de-activated
2021/12/06 17:43:38 - [PREMORA] REST Client.0 - Starting allocation of buffers & new threads...
2021/12/06 17:43:38 - [PREMORA] REST Client.0 - Step info: nrinput=1 nroutput=1
2021/12/06 17:43:38 - [PREMORA] REST Client.0 - Got previous step from [[PREMORA] REST Client] #0 --> Java Code - Json Request String
2021/12/06 17:43:38 - [PREMORA] REST Client.0 - input rel is 1:1
2021/12/06 17:43:38 - [PREMORA] REST Client.0 - Found input rowset [Java Code - Json Request String.0 - [PREMORA] REST Client.0]
2021/12/06 17:43:38 - [PREMORA] REST Client.0 - output rel. is  1:1
2021/12/06 17:43:38 - [PREMORA] REST Client.0 - Found output rowset [[PREMORA] REST Client.0 - Text file output.0]
2021/12/06 17:43:38 - [PREMORA] REST Client.0 - Finished dispatching
2021/12/06 17:43:38 - send_mail -  Transformation has allocated a new step: [[PREMORA] REST Client].0
2021/12/06 17:43:38 - send_mail -  Transformation is about to allocate step [Text file output] of type [TextFileOutput]
2021/12/06 17:43:38 - send_mail -   Step has nrcopies=1
2021/12/06 17:43:38 - Text file output.0 - distribution activated
2021/12/06 17:43:38 - Text file output.0 - Starting allocation of buffers & new threads...
2021/12/06 17:43:38 - Text file output.0 - Step info: nrinput=1 nroutput=0
2021/12/06 17:43:38 - Text file output.0 - Got previous step from [Text file output] #0 --> [PREMORA] REST Client
2021/12/06 17:43:38 - Text file output.0 - input rel is 1:1
2021/12/06 17:43:38 - Text file output.0 - Found input rowset [[PREMORA] REST Client.0 - Text file output.0]
2021/12/06 17:43:38 - Text file output.0 - Finished dispatching
2021/12/06 17:43:38 - send_mail -  Transformation has allocated a new step: [Text file output].0
2021/12/06 17:43:38 - send_mail -  Transformation is about to allocate step [Java Code - Json Request String] of type [UserDefinedJavaClass]
2021/12/06 17:43:38 - send_mail -   Step has nrcopies=1
2021/12/06 17:43:38 - Java Code - Json Request String.0 - distribution activated
2021/12/06 17:43:38 - Java Code - Json Request String.0 - Starting allocation of buffers & new threads...
2021/12/06 17:43:38 - Java Code - Json Request String.0 - Step info: nrinput=1 nroutput=1
2021/12/06 17:43:38 - Java Code - Json Request String.0 - Got previous step from [Java Code - Json Request String] #0 --> Table input
2021/12/06 17:43:38 - Java Code - Json Request String.0 - input rel is 1:1
2021/12/06 17:43:38 - Java Code - Json Request String.0 - Found input rowset [Table input.0 - Java Code - Json Request String.0]
2021/12/06 17:43:38 - Java Code - Json Request String.0 - output rel. is  1:1
2021/12/06 17:43:38 - Java Code - Json Request String.0 - Found output rowset [Java Code - Json Request String.0 - [PREMORA] REST Client.0]
2021/12/06 17:43:38 - Java Code - Json Request String.0 - Finished dispatching
2021/12/06 17:43:41 - Java Code - Json Request String.0 - ERROR (version 5.0.1-stable, build 1 from 2013-11-15_16-08-58 by buildguy) : Error initializing UserDefinedJavaClass:
2021/12/06 17:43:41 - Java Code - Json Request String.0 - ERROR (version 5.0.1-stable, build 1 from 2013-11-15_16-08-58 by buildguy) : org.pentaho.di.core.exception.KettleException: 
2021/12/06 17:43:41 - Java Code - Json Request String.0 - null
2021/12/06 17:43:41 - send_mail -  Transformation has allocated a new step: [Java Code - Json Request String].0
2021/12/06 17:43:41 - send_mail -  Transformation is about to allocate step [Table input] of type [TableInput]
2021/12/06 17:43:41 - send_mail -   Step has nrcopies=1
2021/12/06 17:43:41 - Table input.0 - distribution activated
2021/12/06 17:43:41 - Table input.0 - Starting allocation of buffers & new threads...
2021/12/06 17:43:41 - Table input.0 - Step info: nrinput=0 nroutput=1
2021/12/06 17:43:41 - Table input.0 - output rel. is  1:1
2021/12/06 17:43:41 - Table input.0 - Found output rowset [Table input.0 - Java Code - Json Request String.0]
2021/12/06 17:43:41 - Table input.0 - Finished dispatching
2021/12/06 17:43:41 - send_mail -  Transformation has allocated a new step: [Table input].0
2021/12/06 17:43:41 - send_mail -  Transformation is about to allocate step [Generate Rows] of type [RowGenerator]
2021/12/06 17:43:41 - send_mail -   Step has nrcopies=1
2021/12/06 17:43:41 - Generate Rows.0 - distribution activated
2021/12/06 17:43:41 - Generate Rows.0 - Starting allocation of buffers & new threads...
2021/12/06 17:43:41 - Generate Rows.0 - Step info: nrinput=0 nroutput=0
2021/12/06 17:43:41 - Generate Rows.0 - Finished dispatching
2021/12/06 17:43:41 - send_mail -  Transformation has allocated a new step: [Generate Rows].0
2021/12/06 17:43:41 - send_mail - This transformation can be replayed with replay date: 2021/12/06 17:43:41
2021/12/06 17:43:41 - send_mail - Initialising 5 steps...
2021/12/06 17:43:41 - [PREMORA] REST Client.0 - Running on slave server #0/1.
2021/12/06 17:43:41 - Text file output.0 - Running on slave server #0/1.
2021/12/06 17:43:41 - Java Code - Json Request String.0 - ERROR (version 5.0.1-stable, build 1 from 2013-11-15_16-08-58 by buildguy) : Error initializing step [Java Code - Json Request String]
2021/12/06 17:43:41 - Table input.0 - Running on slave server #0/1.
2021/12/06 17:43:41 - Java Code - Json Request String.0 - ERROR (version 5.0.1-stable, build 1 from 2013-11-15_16-08-58 by buildguy) : Error initializing step [Java Code - Json Request String]
2021/12/06 17:43:41 - Table input.0 - Running on slave server #0/1.
2021/12/06 17:43:41 - SUNNEL_CAMP_SIMAC - New database connection defined
2021/12/06 17:43:41 - Text file output.0 - Opening output stream in nocompress mode
2021/12/06 17:43:41 - Generate Rows.0 - Running on slave server #0/1.
2021/12/06 17:43:41 - Text file output.0 - Opening output stream in encoding: windows-1252
2021/12/06 17:43:41 - Text file output.0 - Opened new file with name [file:///filemanager/BIN/CREDITS/CAMP_AUTOMATICAS/log.log]
2021/12/06 17:43:42 - SUNNEL_CAMP_SIMAC - Connected to database.
2021/12/06 17:43:42 - SUNNEL_CAMP_SIMAC - Auto commit off
2021/12/06 17:43:42 - Table input.0 - Connected to database...
2021/12/06 17:43:42 - send_mail - Step [[PREMORA] REST Client.0] initialized flawlessly.
2021/12/06 17:43:42 - send_mail - Step [Text file output.0] initialized flawlessly.
2021/12/06 17:43:42 - send_mail - ERROR (version 5.0.1-stable, build 1 from 2013-11-15_16-08-58 by buildguy) : Step [Java Code - Json Request String.0] failed to initialize!
2021/12/06 17:43:42 - send_mail - Step [Table input.0] initialized flawlessly.
2021/12/06 17:43:42 - send_mail - Step [Generate Rows.0] initialized flawlessly.
2021/12/06 17:43:42 - Text file output.0 - Closing normal file ...
2021/12/06 17:43:42 - Table input.0 - Finished reading query, closing connection.
2021/12/06 17:43:42 - SUNNEL_CAMP_SIMAC - Commit on database connection [SUNNEL_CAMP_SIMAC]
2021/12/06 17:43:42 - SUNNEL_CAMP_SIMAC - Connection to database closed!
2021/12/06 17:43:42 - SEND_MAIL - ERROR (version 5.0.1-stable, build 1 from 2013-11-15_16-08-58 by buildguy) : Unable to prepare for execution of the transformation
2021/12/06 17:43:42 - SEND_MAIL - ERROR (version 5.0.1-stable, build 1 from 2013-11-15_16-08-58 by buildguy) : org.pentaho.di.core.exception.KettleException: 
2021/12/06 17:43:42 - SEND_MAIL - We failed to initialize at least one step.  Execution can not begin!
2021/12/06 17:43:42 - SEND_MAIL - 
2021/12/06 17:43:42 - SEND_MAIL - 
2021/12/06 17:43:42 - SEND_MAIL - 	at org.pentaho.di.trans.Trans.prepareExecution(Trans.java:1068)
2021/12/06 17:43:42 - SEND_MAIL - 	at org.pentaho.di.trans.Trans.execute(Trans.java:578)
2021/12/06 17:43:42 - SEND_MAIL - 	at org.pentaho.di.job.entries.trans.JobEntryTrans.execute(JobEntryTrans.java:1037)
2021/12/06 17:43:42 - SEND_MAIL - 	at org.pentaho.di.job.Job.execute(Job.java:678)
2021/12/06 17:43:42 - SEND_MAIL - 	at org.pentaho.di.job.Job.execute(Job.java:815)
2021/12/06 17:43:42 - SEND_MAIL - 	at org.pentaho.di.job.Job.execute(Job.java:815)
2021/12/06 17:43:42 - SEND_MAIL - 	at org.pentaho.di.job.Job.execute(Job.java:815)
2021/12/06 17:43:42 - SEND_MAIL - 	at org.pentaho.di.job.Job.execute(Job.java:500)
2021/12/06 17:43:42 - SEND_MAIL - 	at org.pentaho.di.job.Job.run(Job.java:407)
2021/12/06 17:43:42 - CAMP_AUTOMATICAS_MAIN - Finished job entry [SEND_MAIL] (result=[false])
2021/12/06 17:43:42 - CAMP_AUTOMATICAS_MAIN - Finished job entry [TR_INIT_VARIABLES] (result=[false])
2021/12/06 17:43:42 - CAMP_AUTOMATICAS_MAIN - Finished job entry [Simple evaluation P_PAIS] (result=[false])
2021/12/06 17:43:42 - CAMP_AUTOMATICAS_MAIN - Job execution finished
2021/12/06 17:43:42 - Kitchen - Finished!
2021/12/06 17:43:42 - Kitchen - ERROR (version 5.0.1-stable, build 1 from 2013-11-15_16-08-58 by buildguy) : Finished with errors
2021/12/06 17:43:42 - Kitchen - Start=2021/12/06 17:43:35.682, Stop=2021/12/06 17:43:42.143
2021/12/06 17:43:42 - Kitchen - Processing ended after 6 seconds.
2021/12/06 17:43:41 - SUNNEL_CAMP_SIMAC - New database connection defined
2021/12/06 17:43:41 - Text file output.0 - Opening output stream in nocompress mode
2021/12/06 17:43:41 - Generate Rows.0 - Running on slave server #0/1.
2021/12/06 17:43:41 - Text file output.0 - Opening output stream in encoding: windows-1252
2021/12/06 17:43:41 - Text file output.0 - Opened new file with name [file:///filemanager/BIN/CREDITS/CAMP_AUTOMATICAS/log.log]
2021/12/06 17:43:42 - SUNNEL_CAMP_SIMAC - Connected to database.
2021/12/06 17:43:42 - SUNNEL_CAMP_SIMAC - Auto commit off
2021/12/06 17:43:42 - Table input.0 - Connected to database...
2021/12/06 17:43:42 - send_mail - Step [[PREMORA] REST Client.0] initialized flawlessly.
2021/12/06 17:43:42 - send_mail - Step [Text file output.0] initialized flawlessly.
2021/12/06 17:43:42 - send_mail - ERROR (version 5.0.1-stable, build 1 from 2013-11-15_16-08-58 by buildguy) : Step [Java Code - Json Request String.0] failed to initialize!
2021/12/06 17:43:42 - send_mail - Step [Table input.0] initialized flawlessly.
2021/12/06 17:43:42 - send_mail - Step [Generate Rows.0] initialized flawlessly.
2021/12/06 17:43:42 - Text file output.0 - Closing normal file ...
2021/12/06 17:43:42 - Table input.0 - Finished reading query, closing connection.
2021/12/06 17:43:42 - SUNNEL_CAMP_SIMAC - Commit on database connection [SUNNEL_CAMP_SIMAC]
2021/12/06 17:43:42 - SUNNEL_CAMP_SIMAC - Connection to database closed!
2021/12/06 17:43:42 - SEND_MAIL - ERROR (version 5.0.1-stable, build 1 from 2013-11-15_16-08-58 by buildguy) : Unable to prepare for execution of the transformation
2021/12/06 17:43:42 - SEND_MAIL - ERROR (version 5.0.1-stable, build 1 from 2013-11-15_16-08-58 by buildguy) : org.pentaho.di.core.exception.KettleException: 
2021/12/06 17:43:42 - SEND_MAIL - We failed to initialize at least one step.  Execution can not begin!
2021/12/06 17:43:42 - SEND_MAIL - 
2021/12/06 17:43:42 - SEND_MAIL - 
2021/12/06 17:43:42 - SEND_MAIL - 	at org.pentaho.di.trans.Trans.prepareExecution(Trans.java:1068)
2021/12/06 17:43:42 - SEND_MAIL - 	at org.pentaho.di.trans.Trans.execute(Trans.java:578)
2021/12/06 17:43:42 - SEND_MAIL - 	at org.pentaho.di.job.entries.trans.JobEntryTrans.execute(JobEntryTrans.java:1037)
2021/12/06 17:43:42 - SEND_MAIL - 	at org.pentaho.di.job.Job.execute(Job.java:678)
2021/12/06 17:43:42 - SEND_MAIL - 	at org.pentaho.di.job.Job.execute(Job.java:815)
2021/12/06 17:43:42 - SEND_MAIL - 	at org.pentaho.di.job.Job.execute(Job.java:815)
2021/12/06 17:43:42 - SEND_MAIL - 	at org.pentaho.di.job.Job.execute(Job.java:815)
2021/12/06 17:43:42 - SEND_MAIL - 	at org.pentaho.di.job.Job.execute(Job.java:500)
2021/12/06 17:43:42 - SEND_MAIL - 	at org.pentaho.di.job.Job.run(Job.java:407)
2021/12/06 17:43:42 - CAMP_AUTOMATICAS_MAIN - Finished job entry [SEND_MAIL] (result=[false])
2021/12/06 17:43:42 - CAMP_AUTOMATICAS_MAIN - Finished job entry [TR_INIT_VARIABLES] (result=[false])
2021/12/06 17:43:42 - CAMP_AUTOMATICAS_MAIN - Finished job entry [Simple evaluation P_PAIS] (result=[false])
2021/12/06 17:43:42 - CAMP_AUTOMATICAS_MAIN - Job execution finished
2021/12/06 17:43:42 - Kitchen - Finished!
2021/12/06 17:43:42 - Kitchen - ERROR (version 5.0.1-stable, build 1 from 2013-11-15_16-08-58 by buildguy) : Finished with errors
2021/12/06 17:43:42 - Kitchen - Start=2021/12/06 17:43:35.682, Stop=2021/12/06 17:43:42.143
2021/12/06 17:43:42 - Kitchen - Processing ended after 6 seconds.
-----------------------------------------------------------------------------------------------------------------
